<?xml version="1.0" encoding="UTF-8"?>
<testsuite xmlns:xsi="http://www.w3.org/2001/XMLSchema-instance" xsi:noNamespaceSchemaLocation="https://maven.apache.org/surefire/maven-surefire-plugin/xsd/surefire-test-report-3.0.xsd" version="3.0" name="CucumberRunner.TestRunner" time="20.493" tests="2" errors="0" skipped="0" failures="1">
  <properties>
    <property name="java.specification.version" value="17"/>
    <property name="webdriver.chrome.driver" value="C:\Users\SRITAMLINKAN\.cache\selenium\chromedriver\win32\111.0.5563.64\chromedriver.exe"/>
    <property name="sun.cpu.isalist" value="amd64"/>
    <property name="sun.jnu.encoding" value="Cp1252"/>
    <property name="java.class.path" value="C:\Users\SRITAMLINKAN\eclipse-workspace\cucumberproject\target\test-classes;C:\Users\SRITAMLINKAN\eclipse-workspace\cucumberproject\target\classes;C:\Users\SRITAMLINKAN\.m2\repository\junit\junit\4.11\junit-4.11.jar;C:\Users\SRITAMLINKAN\.m2\repository\io\cucumber\cucumber-html\0.2.7\cucumber-html-0.2.7.jar;C:\Users\SRITAMLINKAN\.m2\repository\net\sourceforge\cobertura\cobertura\2.1.1\cobertura-2.1.1.jar;C:\Users\SRITAMLINKAN\.m2\repository\org\ow2\asm\asm\5.0.1\asm-5.0.1.jar;C:\Users\SRITAMLINKAN\.m2\repository\org\ow2\asm\asm-tree\5.0.1\asm-tree-5.0.1.jar;C:\Users\SRITAMLINKAN\.m2\repository\org\ow2\asm\asm-commons\5.0.1\asm-commons-5.0.1.jar;C:\Users\SRITAMLINKAN\.m2\repository\org\ow2\asm\asm-util\5.0.1\asm-util-5.0.1.jar;C:\Users\SRITAMLINKAN\.m2\repository\org\ow2\asm\asm-analysis\5.0.1\asm-analysis-5.0.1.jar;C:\Users\SRITAMLINKAN\.m2\repository\oro\oro\2.0.8\oro-2.0.8.jar;C:\Users\SRITAMLINKAN\.m2\repository\jaxen\jaxen\1.1.4\jaxen-1.1.4.jar;C:\Users\SRITAMLINKAN\.m2\repository\org\apache\ant\ant\1.8.3\ant-1.8.3.jar;C:\Users\SRITAMLINKAN\.m2\repository\org\apache\ant\ant-launcher\1.8.3\ant-launcher-1.8.3.jar;C:\Users\SRITAMLINKAN\.m2\repository\org\apache\ant\ant-junit\1.8.3\ant-junit-1.8.3.jar;C:\Users\SRITAMLINKAN\.m2\repository\org\mortbay\jetty\servlet-api-2.5\6.1.14\servlet-api-2.5-6.1.14.jar;C:\Users\SRITAMLINKAN\.m2\repository\org\mortbay\jetty\jetty\6.1.14\jetty-6.1.14.jar;C:\Users\SRITAMLINKAN\.m2\repository\org\mortbay\jetty\jetty-util\6.1.14\jetty-util-6.1.14.jar;C:\Users\SRITAMLINKAN\.m2\repository\org\slf4j\slf4j-api\1.7.5\slf4j-api-1.7.5.jar;C:\Users\SRITAMLINKAN\.m2\repository\ch\qos\logback\logback-classic\1.0.13\logback-classic-1.0.13.jar;C:\Users\SRITAMLINKAN\.m2\repository\ch\qos\logback\logback-core\1.0.13\logback-core-1.0.13.jar;C:\Users\SRITAMLINKAN\.m2\repository\io\cucumber\cucumber-java\7.3.4\cucumber-java-7.3.4.jar;C:\Users\SRITAMLINKAN\.m2\repository\io\cucumber\cucumber-core\7.3.4\cucumber-core-7.3.4.jar;C:\Users\SRITAMLINKAN\.m2\repository\io\cucumber\cucumber-gherkin\7.3.4\cucumber-gherkin-7.3.4.jar;C:\Users\SRITAMLINKAN\.m2\repository\io\cucumber\cucumber-gherkin-messages\7.3.4\cucumber-gherkin-messages-7.3.4.jar;C:\Users\SRITAMLINKAN\.m2\repository\io\cucumber\tag-expressions\4.1.0\tag-expressions-4.1.0.jar;C:\Users\SRITAMLINKAN\.m2\repository\io\cucumber\cucumber-expressions\15.1.1\cucumber-expressions-15.1.1.jar;C:\Users\SRITAMLINKAN\.m2\repository\io\cucumber\datatable\7.3.4\datatable-7.3.4.jar;C:\Users\SRITAMLINKAN\.m2\repository\io\cucumber\cucumber-plugin\7.3.4\cucumber-plugin-7.3.4.jar;C:\Users\SRITAMLINKAN\.m2\repository\io\cucumber\docstring\7.3.4\docstring-7.3.4.jar;C:\Users\SRITAMLINKAN\.m2\repository\io\cucumber\html-formatter\19.1.0\html-formatter-19.1.0.jar;C:\Users\SRITAMLINKAN\.m2\repository\io\cucumber\ci-environment\9.0.4\ci-environment-9.0.4.jar;C:\Users\SRITAMLINKAN\.m2\repository\org\apiguardian\apiguardian-api\1.1.2\apiguardian-api-1.1.2.jar;C:\Users\SRITAMLINKAN\.m2\repository\io\cucumber\cucumber-jvm-deps\1.0.6\cucumber-jvm-deps-1.0.6.jar;C:\Users\SRITAMLINKAN\.m2\repository\net\masterthought\cucumber-reporting\5.7.1\cucumber-reporting-5.7.1.jar;C:\Users\SRITAMLINKAN\.m2\repository\com\fasterxml\jackson\core\jackson-databind\2.13.2.2\jackson-databind-2.13.2.2.jar;C:\Users\SRITAMLINKAN\.m2\repository\com\fasterxml\jackson\core\jackson-annotations\2.13.2\jackson-annotations-2.13.2.jar;C:\Users\SRITAMLINKAN\.m2\repository\com\fasterxml\jackson\core\jackson-core\2.13.2\jackson-core-2.13.2.jar;C:\Users\SRITAMLINKAN\.m2\repository\com\fasterxml\jackson\datatype\jackson-datatype-jsr310\2.13.2\jackson-datatype-jsr310-2.13.2.jar;C:\Users\SRITAMLINKAN\.m2\repository\org\apache\velocity\velocity-engine-core\2.3\velocity-engine-core-2.3.jar;C:\Users\SRITAMLINKAN\.m2\repository\commons-collections\commons-collections\3.2.2\commons-collections-3.2.2.jar;C:\Users\SRITAMLINKAN\.m2\repository\joda-time\joda-time\2.10.14\joda-time-2.10.14.jar;C:\Users\SRITAMLINKAN\.m2\repository\org\codehaus\plexus\plexus-utils\3.4.2\plexus-utils-3.4.2.jar;C:\Users\SRITAMLINKAN\.m2\repository\org\jsoup\jsoup\1.15.1\jsoup-1.15.1.jar;C:\Users\SRITAMLINKAN\.m2\repository\com\google\guava\guava\31.1-jre\guava-31.1-jre.jar;C:\Users\SRITAMLINKAN\.m2\repository\com\google\guava\failureaccess\1.0.1\failureaccess-1.0.1.jar;C:\Users\SRITAMLINKAN\.m2\repository\com\google\guava\listenablefuture\9999.0-empty-to-avoid-conflict-with-guava\listenablefuture-9999.0-empty-to-avoid-conflict-with-guava.jar;C:\Users\SRITAMLINKAN\.m2\repository\com\google\code\findbugs\jsr305\3.0.2\jsr305-3.0.2.jar;C:\Users\SRITAMLINKAN\.m2\repository\org\checkerframework\checker-qual\3.12.0\checker-qual-3.12.0.jar;C:\Users\SRITAMLINKAN\.m2\repository\com\google\errorprone\error_prone_annotations\2.11.0\error_prone_annotations-2.11.0.jar;C:\Users\SRITAMLINKAN\.m2\repository\com\google\j2objc\j2objc-annotations\1.3\j2objc-annotations-1.3.jar;C:\Users\SRITAMLINKAN\.m2\repository\com\googlecode\owasp-java-html-sanitizer\owasp-java-html-sanitizer\20211018.2\owasp-java-html-sanitizer-20211018.2.jar;C:\Users\SRITAMLINKAN\.m2\repository\commons-configuration\commons-configuration\1.10\commons-configuration-1.10.jar;C:\Users\SRITAMLINKAN\.m2\repository\commons-lang\commons-lang\2.6\commons-lang-2.6.jar;C:\Users\SRITAMLINKAN\.m2\repository\commons-logging\commons-logging\1.1.1\commons-logging-1.1.1.jar;C:\Users\SRITAMLINKAN\.m2\repository\org\hamcrest\hamcrest-core\2.2\hamcrest-core-2.2.jar;C:\Users\SRITAMLINKAN\.m2\repository\org\hamcrest\hamcrest\2.2\hamcrest-2.2.jar;C:\Users\SRITAMLINKAN\.m2\repository\io\cucumber\gherkin\23.0.1\gherkin-23.0.1.jar;C:\Users\SRITAMLINKAN\.m2\repository\io\cucumber\messages\18.0.0\messages-18.0.0.jar;C:\Users\SRITAMLINKAN\.m2\repository\org\seleniumhq\selenium\selenium-java\4.2.1\selenium-java-4.2.1.jar;C:\Users\SRITAMLINKAN\.m2\repository\org\seleniumhq\selenium\selenium-api\4.2.1\selenium-api-4.2.1.jar;C:\Users\SRITAMLINKAN\.m2\repository\org\seleniumhq\selenium\selenium-chrome-driver\4.2.1\selenium-chrome-driver-4.2.1.jar;C:\Users\SRITAMLINKAN\.m2\repository\com\google\auto\service\auto-service-annotations\1.0.1\auto-service-annotations-1.0.1.jar;C:\Users\SRITAMLINKAN\.m2\repository\com\google\auto\service\auto-service\1.0.1\auto-service-1.0.1.jar;C:\Users\SRITAMLINKAN\.m2\repository\com\google\auto\auto-common\1.2\auto-common-1.2.jar;C:\Users\SRITAMLINKAN\.m2\repository\org\seleniumhq\selenium\selenium-chromium-driver\4.2.1\selenium-chromium-driver-4.2.1.jar;C:\Users\SRITAMLINKAN\.m2\repository\org\seleniumhq\selenium\selenium-json\4.2.1\selenium-json-4.2.1.jar;C:\Users\SRITAMLINKAN\.m2\repository\org\seleniumhq\selenium\selenium-devtools-v100\4.2.1\selenium-devtools-v100-4.2.1.jar;C:\Users\SRITAMLINKAN\.m2\repository\org\seleniumhq\selenium\selenium-devtools-v101\4.2.1\selenium-devtools-v101-4.2.1.jar;C:\Users\SRITAMLINKAN\.m2\repository\org\seleniumhq\selenium\selenium-devtools-v102\4.2.1\selenium-devtools-v102-4.2.1.jar;C:\Users\SRITAMLINKAN\.m2\repository\org\seleniumhq\selenium\selenium-devtools-v85\4.2.1\selenium-devtools-v85-4.2.1.jar;C:\Users\SRITAMLINKAN\.m2\repository\org\seleniumhq\selenium\selenium-edge-driver\4.2.1\selenium-edge-driver-4.2.1.jar;C:\Users\SRITAMLINKAN\.m2\repository\org\seleniumhq\selenium\selenium-firefox-driver\4.2.1\selenium-firefox-driver-4.2.1.jar;C:\Users\SRITAMLINKAN\.m2\repository\org\seleniumhq\selenium\selenium-ie-driver\4.2.1\selenium-ie-driver-4.2.1.jar;C:\Users\SRITAMLINKAN\.m2\repository\org\seleniumhq\selenium\selenium-opera-driver\4.2.1\selenium-opera-driver-4.2.1.jar;C:\Users\SRITAMLINKAN\.m2\repository\org\seleniumhq\selenium\selenium-remote-driver\4.2.1\selenium-remote-driver-4.2.1.jar;C:\Users\SRITAMLINKAN\.m2\repository\io\netty\netty-buffer\4.1.77.Final\netty-buffer-4.1.77.Final.jar;C:\Users\SRITAMLINKAN\.m2\repository\io\netty\netty-codec-http\4.1.77.Final\netty-codec-http-4.1.77.Final.jar;C:\Users\SRITAMLINKAN\.m2\repository\io\netty\netty-codec\4.1.77.Final\netty-codec-4.1.77.Final.jar;C:\Users\SRITAMLINKAN\.m2\repository\io\netty\netty-handler\4.1.77.Final\netty-handler-4.1.77.Final.jar;C:\Users\SRITAMLINKAN\.m2\repository\io\netty\netty-common\4.1.77.Final\netty-common-4.1.77.Final.jar;C:\Users\SRITAMLINKAN\.m2\repository\io\netty\netty-transport-classes-epoll\4.1.77.Final\netty-transport-classes-epoll-4.1.77.Final.jar;C:\Users\SRITAMLINKAN\.m2\repository\io\netty\netty-transport-classes-kqueue\4.1.77.Final\netty-transport-classes-kqueue-4.1.77.Final.jar;C:\Users\SRITAMLINKAN\.m2\repository\io\netty\netty-transport-native-epoll\4.1.77.Final\netty-transport-native-epoll-4.1.77.Final.jar;C:\Users\SRITAMLINKAN\.m2\repository\io\netty\netty-transport-native-kqueue\4.1.77.Final\netty-transport-native-kqueue-4.1.77.Final.jar;C:\Users\SRITAMLINKAN\.m2\repository\io\netty\netty-transport-native-unix-common\4.1.77.Final\netty-transport-native-unix-common-4.1.77.Final.jar;C:\Users\SRITAMLINKAN\.m2\repository\io\netty\netty-transport\4.1.77.Final\netty-transport-4.1.77.Final.jar;C:\Users\SRITAMLINKAN\.m2\repository\io\netty\netty-resolver\4.1.77.Final\netty-resolver-4.1.77.Final.jar;C:\Users\SRITAMLINKAN\.m2\repository\io\opentelemetry\opentelemetry-api\1.14.0\opentelemetry-api-1.14.0.jar;C:\Users\SRITAMLINKAN\.m2\repository\io\opentelemetry\opentelemetry-context\1.14.0\opentelemetry-context-1.14.0.jar;C:\Users\SRITAMLINKAN\.m2\repository\io\opentelemetry\opentelemetry-exporter-logging\1.14.0\opentelemetry-exporter-logging-1.14.0.jar;C:\Users\SRITAMLINKAN\.m2\repository\io\opentelemetry\opentelemetry-sdk-metrics\1.14.0\opentelemetry-sdk-metrics-1.14.0.jar;C:\Users\SRITAMLINKAN\.m2\repository\io\opentelemetry\opentelemetry-sdk-logs\1.14.0-alpha\opentelemetry-sdk-logs-1.14.0-alpha.jar;C:\Users\SRITAMLINKAN\.m2\repository\io\opentelemetry\opentelemetry-sdk-common\1.14.0\opentelemetry-sdk-common-1.14.0.jar;C:\Users\SRITAMLINKAN\.m2\repository\io\opentelemetry\opentelemetry-sdk-extension-autoconfigure-spi\1.14.0\opentelemetry-sdk-extension-autoconfigure-spi-1.14.0.jar;C:\Users\SRITAMLINKAN\.m2\repository\io\opentelemetry\opentelemetry-sdk-extension-autoconfigure\1.14.0-alpha\opentelemetry-sdk-extension-autoconfigure-1.14.0-alpha.jar;C:\Users\SRITAMLINKAN\.m2\repository\io\opentelemetry\opentelemetry-sdk-trace\1.14.0\opentelemetry-sdk-trace-1.14.0.jar;C:\Users\SRITAMLINKAN\.m2\repository\io\opentelemetry\opentelemetry-sdk\1.14.0\opentelemetry-sdk-1.14.0.jar;C:\Users\SRITAMLINKAN\.m2\repository\io\opentelemetry\opentelemetry-semconv\1.14.0-alpha\opentelemetry-semconv-1.14.0-alpha.jar;C:\Users\SRITAMLINKAN\.m2\repository\io\ous\jtoml\2.0.0\jtoml-2.0.0.jar;C:\Users\SRITAMLINKAN\.m2\repository\net\bytebuddy\byte-buddy\1.12.10\byte-buddy-1.12.10.jar;C:\Users\SRITAMLINKAN\.m2\repository\org\apache\commons\commons-exec\1.3\commons-exec-1.3.jar;C:\Users\SRITAMLINKAN\.m2\repository\org\asynchttpclient\async-http-client\2.12.3\async-http-client-2.12.3.jar;C:\Users\SRITAMLINKAN\.m2\repository\org\asynchttpclient\async-http-client-netty-utils\2.12.3\async-http-client-netty-utils-2.12.3.jar;C:\Users\SRITAMLINKAN\.m2\repository\io\netty\netty-codec-socks\4.1.60.Final\netty-codec-socks-4.1.60.Final.jar;C:\Users\SRITAMLINKAN\.m2\repository\io\netty\netty-handler-proxy\4.1.60.Final\netty-handler-proxy-4.1.60.Final.jar;C:\Users\SRITAMLINKAN\.m2\repository\io\netty\netty-transport-native-epoll\4.1.60.Final\netty-transport-native-epoll-4.1.60.Final-linux-x86_64.jar;C:\Users\SRITAMLINKAN\.m2\repository\io\netty\netty-transport-native-kqueue\4.1.60.Final\netty-transport-native-kqueue-4.1.60.Final-osx-x86_64.jar;C:\Users\SRITAMLINKAN\.m2\repository\org\reactivestreams\reactive-streams\1.0.3\reactive-streams-1.0.3.jar;C:\Users\SRITAMLINKAN\.m2\repository\com\typesafe\netty\netty-reactive-streams\2.0.4\netty-reactive-streams-2.0.4.jar;C:\Users\SRITAMLINKAN\.m2\repository\com\sun\activation\jakarta.activation\1.2.2\jakarta.activation-1.2.2.jar;C:\Users\SRITAMLINKAN\.m2\repository\org\seleniumhq\selenium\selenium-http\4.2.1\selenium-http-4.2.1.jar;C:\Users\SRITAMLINKAN\.m2\repository\dev\failsafe\failsafe\3.2.4\failsafe-3.2.4.jar;C:\Users\SRITAMLINKAN\.m2\repository\org\seleniumhq\selenium\selenium-safari-driver\4.2.1\selenium-safari-driver-4.2.1.jar;C:\Users\SRITAMLINKAN\.m2\repository\org\seleniumhq\selenium\selenium-support\4.2.1\selenium-support-4.2.1.jar;C:\Users\SRITAMLINKAN\.m2\repository\io\github\bonigarcia\webdrivermanager\5.2.0\webdrivermanager-5.2.0.jar;C:\Users\SRITAMLINKAN\.m2\repository\com\google\code\gson\gson\2.9.0\gson-2.9.0.jar;C:\Users\SRITAMLINKAN\.m2\repository\com\github\docker-java\docker-java\3.2.13\docker-java-3.2.13.jar;C:\Users\SRITAMLINKAN\.m2\repository\com\github\docker-java\docker-java-core\3.2.13\docker-java-core-3.2.13.jar;C:\Users\SRITAMLINKAN\.m2\repository\com\github\docker-java\docker-java-api\3.2.13\docker-java-api-3.2.13.jar;C:\Users\SRITAMLINKAN\.m2\repository\org\bouncycastle\bcpkix-jdk15on\1.64\bcpkix-jdk15on-1.64.jar;C:\Users\SRITAMLINKAN\.m2\repository\org\bouncycastle\bcprov-jdk15on\1.64\bcprov-jdk15on-1.64.jar;C:\Users\SRITAMLINKAN\.m2\repository\org\slf4j\jcl-over-slf4j\1.7.30\jcl-over-slf4j-1.7.30.jar;C:\Users\SRITAMLINKAN\.m2\repository\com\github\docker-java\docker-java-transport-httpclient5\3.2.13\docker-java-transport-httpclient5-3.2.13.jar;C:\Users\SRITAMLINKAN\.m2\repository\com\github\docker-java\docker-java-transport\3.2.13\docker-java-transport-3.2.13.jar;C:\Users\SRITAMLINKAN\.m2\repository\net\java\dev\jna\jna\5.8.0\jna-5.8.0.jar;C:\Users\SRITAMLINKAN\.m2\repository\org\brotli\dec\0.1.2\dec-0.1.2.jar;C:\Users\SRITAMLINKAN\.m2\repository\org\apache\httpcomponents\client5\httpclient5\5.1.3\httpclient5-5.1.3.jar;C:\Users\SRITAMLINKAN\.m2\repository\org\apache\httpcomponents\core5\httpcore5\5.1.3\httpcore5-5.1.3.jar;C:\Users\SRITAMLINKAN\.m2\repository\org\apache\httpcomponents\core5\httpcore5-h2\5.1.3\httpcore5-h2-5.1.3.jar;C:\Program Files\Java\jdk-17.0.6\lib\tools-1.5.0.jar;C:\Users\SRITAMLINKAN\.m2\repository\commons-io\commons-io\2.11.0\commons-io-2.11.0.jar;C:\Users\SRITAMLINKAN\.m2\repository\org\apache\logging\log4j\log4j-core\2.20.0\log4j-core-2.20.0.jar;C:\Users\SRITAMLINKAN\.m2\repository\org\apache\logging\log4j\log4j-api\2.20.0\log4j-api-2.20.0.jar;C:\Users\SRITAMLINKAN\.m2\repository\org\apache\commons\commons-lang3\3.12.0\commons-lang3-3.12.0.jar;C:\Users\SRITAMLINKAN\.m2\repository\org\apache\poi\poi\5.2.3\poi-5.2.3.jar;C:\Users\SRITAMLINKAN\.m2\repository\commons-codec\commons-codec\1.15\commons-codec-1.15.jar;C:\Users\SRITAMLINKAN\.m2\repository\org\apache\commons\commons-collections4\4.4\commons-collections4-4.4.jar;C:\Users\SRITAMLINKAN\.m2\repository\org\apache\commons\commons-math3\3.6.1\commons-math3-3.6.1.jar;C:\Users\SRITAMLINKAN\.m2\repository\com\zaxxer\SparseBitSet\1.2\SparseBitSet-1.2.jar;C:\Users\SRITAMLINKAN\.m2\repository\org\apache\poi\poi-ooxml\5.2.3\poi-ooxml-5.2.3.jar;C:\Users\SRITAMLINKAN\.m2\repository\org\apache\poi\poi-ooxml-lite\5.2.3\poi-ooxml-lite-5.2.3.jar;C:\Users\SRITAMLINKAN\.m2\repository\org\apache\xmlbeans\xmlbeans\5.1.1\xmlbeans-5.1.1.jar;C:\Users\SRITAMLINKAN\.m2\repository\org\apache\commons\commons-compress\1.21\commons-compress-1.21.jar;C:\Users\SRITAMLINKAN\.m2\repository\com\github\virtuald\curvesapi\1.07\curvesapi-1.07.jar;C:\Users\SRITAMLINKAN\.m2\repository\org\testng\testng\7.7.1\testng-7.7.1.jar;C:\Users\SRITAMLINKAN\.m2\repository\com\beust\jcommander\1.82\jcommander-1.82.jar;C:\Users\SRITAMLINKAN\.m2\repository\org\webjars\jquery\3.6.1\jquery-3.6.1.jar;C:\Users\SRITAMLINKAN\.m2\repository\io\cucumber\cucumber-testng\7.11.2\cucumber-testng-7.11.2.jar;C:\Users\SRITAMLINKAN\.m2\repository\tech\grasshopper\extentreports-cucumber7-adapter\1.12.0\extentreports-cucumber7-adapter-1.12.0.jar;C:\Users\SRITAMLINKAN\.m2\repository\com\aventstack\extentreports\5.0.9\extentreports-5.0.9.jar;C:\Users\SRITAMLINKAN\.m2\repository\io\reactivex\rxjava3\rxjava\3.0.4\rxjava-3.0.4.jar;C:\Users\SRITAMLINKAN\.m2\repository\org\freemarker\freemarker\2.3.30\freemarker-2.3.30.jar;C:\Users\SRITAMLINKAN\.m2\repository\tech\grasshopper\extent-pdf-report\2.10.0\extent-pdf-report-2.10.0.jar;C:\Users\SRITAMLINKAN\.m2\repository\tech\grasshopper\cucumber-pdf-report\2.12.0\cucumber-pdf-report-2.12.0.jar;C:\Users\SRITAMLINKAN\.m2\repository\org\apache\pdfbox\pdfbox\2.0.26\pdfbox-2.0.26.jar;C:\Users\SRITAMLINKAN\.m2\repository\org\apache\pdfbox\fontbox\2.0.26\fontbox-2.0.26.jar;C:\Users\SRITAMLINKAN\.m2\repository\org\knowm\xchart\xchart\3.8.0\xchart-3.8.0.jar;C:\Users\SRITAMLINKAN\.m2\repository\de\erichseifert\vectorgraphics2d\VectorGraphics2D\0.13\VectorGraphics2D-0.13.jar;C:\Users\SRITAMLINKAN\.m2\repository\de\rototor\pdfbox\graphics2d\0.30\graphics2d-0.30.jar;C:\Users\SRITAMLINKAN\.m2\repository\com\madgag\animated-gif-lib\1.4\animated-gif-lib-1.4.jar;C:\Users\SRITAMLINKAN\.m2\repository\org\yaml\snakeyaml\1.28\snakeyaml-1.28.jar;C:\Users\SRITAMLINKAN\.m2\repository\tech\grasshopper\table-layout\1.5.1\table-layout-1.5.1.jar;C:\Users\SRITAMLINKAN\.m2\repository\tech\grasshopper\rest-assured-cucumber-pdf-report\1.4.1\rest-assured-cucumber-pdf-report-1.4.1.jar;C:\Users\SRITAMLINKAN\.m2\repository\com\aventstack\klov-reporter\5.0.9\klov-reporter-5.0.9.jar;C:\Users\SRITAMLINKAN\.m2\repository\org\mongodb\mongodb-driver\3.6.4\mongodb-driver-3.6.4.jar;C:\Users\SRITAMLINKAN\.m2\repository\org\mongodb\mongodb-driver-core\3.6.4\mongodb-driver-core-3.6.4.jar;C:\Users\SRITAMLINKAN\.m2\repository\org\mongodb\bson\3.6.4\bson-3.6.4.jar;C:\Users\SRITAMLINKAN\.m2\repository\org\apache\httpcomponents\httpclient\4.5.13\httpclient-4.5.13.jar;C:\Users\SRITAMLINKAN\.m2\repository\org\apache\httpcomponents\httpcore\4.4.13\httpcore-4.4.13.jar;C:\Users\SRITAMLINKAN\.m2\repository\org\apache\httpcomponents\httpmime\4.5.13\httpmime-4.5.13.jar;C:\Users\SRITAMLINKAN\.m2\repository\tech\grasshopper\htmlextentreporter\1.0.1\htmlextentreporter-1.0.1.jar;C:\Users\SRITAMLINKAN\.m2\repository\tech\grasshopper\extent-excel-report\1.3.0\extent-excel-report-1.3.0.jar;C:\Users\SRITAMLINKAN\.m2\repository\org\projectlombok\lombok\1.18.20\lombok-1.18.20.jar;"/>
    <property name="java.vm.vendor" value="Oracle Corporation"/>
    <property name="sun.arch.data.model" value="64"/>
    <property name="user.variant" value=""/>
    <property name="java.vendor.url" value="https://java.oracle.com/"/>
    <property name="user.timezone" value="Asia/Calcutta"/>
    <property name="os.name" value="Windows 11"/>
    <property name="java.vm.specification.version" value="17"/>
    <property name="sun.java.launcher" value="SUN_STANDARD"/>
    <property name="user.country" value="IN"/>
    <property name="sun.boot.library.path" value="C:\Program Files\Java\jdk-17.0.6\bin"/>
    <property name="sun.java.command" value="C:\Users\SRITAMLINKAN\AppData\Local\Temp\surefire5898985409396270393\surefirebooter-20230401213042242_3.jar C:\Users\SRITAMLINKAN\AppData\Local\Temp\surefire5898985409396270393 2023-04-01T21-30-42_137-jvmRun1 surefire-20230401213042242_1tmp surefire_0-20230401213042242_2tmp"/>
    <property name="jdk.debug" value="release"/>
    <property name="surefire.test.class.path" value="C:\Users\SRITAMLINKAN\eclipse-workspace\cucumberproject\target\test-classes;C:\Users\SRITAMLINKAN\eclipse-workspace\cucumberproject\target\classes;C:\Users\SRITAMLINKAN\.m2\repository\junit\junit\4.11\junit-4.11.jar;C:\Users\SRITAMLINKAN\.m2\repository\io\cucumber\cucumber-html\0.2.7\cucumber-html-0.2.7.jar;C:\Users\SRITAMLINKAN\.m2\repository\net\sourceforge\cobertura\cobertura\2.1.1\cobertura-2.1.1.jar;C:\Users\SRITAMLINKAN\.m2\repository\org\ow2\asm\asm\5.0.1\asm-5.0.1.jar;C:\Users\SRITAMLINKAN\.m2\repository\org\ow2\asm\asm-tree\5.0.1\asm-tree-5.0.1.jar;C:\Users\SRITAMLINKAN\.m2\repository\org\ow2\asm\asm-commons\5.0.1\asm-commons-5.0.1.jar;C:\Users\SRITAMLINKAN\.m2\repository\org\ow2\asm\asm-util\5.0.1\asm-util-5.0.1.jar;C:\Users\SRITAMLINKAN\.m2\repository\org\ow2\asm\asm-analysis\5.0.1\asm-analysis-5.0.1.jar;C:\Users\SRITAMLINKAN\.m2\repository\oro\oro\2.0.8\oro-2.0.8.jar;C:\Users\SRITAMLINKAN\.m2\repository\jaxen\jaxen\1.1.4\jaxen-1.1.4.jar;C:\Users\SRITAMLINKAN\.m2\repository\org\apache\ant\ant\1.8.3\ant-1.8.3.jar;C:\Users\SRITAMLINKAN\.m2\repository\org\apache\ant\ant-launcher\1.8.3\ant-launcher-1.8.3.jar;C:\Users\SRITAMLINKAN\.m2\repository\org\apache\ant\ant-junit\1.8.3\ant-junit-1.8.3.jar;C:\Users\SRITAMLINKAN\.m2\repository\org\mortbay\jetty\servlet-api-2.5\6.1.14\servlet-api-2.5-6.1.14.jar;C:\Users\SRITAMLINKAN\.m2\repository\org\mortbay\jetty\jetty\6.1.14\jetty-6.1.14.jar;C:\Users\SRITAMLINKAN\.m2\repository\org\mortbay\jetty\jetty-util\6.1.14\jetty-util-6.1.14.jar;C:\Users\SRITAMLINKAN\.m2\repository\org\slf4j\slf4j-api\1.7.5\slf4j-api-1.7.5.jar;C:\Users\SRITAMLINKAN\.m2\repository\ch\qos\logback\logback-classic\1.0.13\logback-classic-1.0.13.jar;C:\Users\SRITAMLINKAN\.m2\repository\ch\qos\logback\logback-core\1.0.13\logback-core-1.0.13.jar;C:\Users\SRITAMLINKAN\.m2\repository\io\cucumber\cucumber-java\7.3.4\cucumber-java-7.3.4.jar;C:\Users\SRITAMLINKAN\.m2\repository\io\cucumber\cucumber-core\7.3.4\cucumber-core-7.3.4.jar;C:\Users\SRITAMLINKAN\.m2\repository\io\cucumber\cucumber-gherkin\7.3.4\cucumber-gherkin-7.3.4.jar;C:\Users\SRITAMLINKAN\.m2\repository\io\cucumber\cucumber-gherkin-messages\7.3.4\cucumber-gherkin-messages-7.3.4.jar;C:\Users\SRITAMLINKAN\.m2\repository\io\cucumber\tag-expressions\4.1.0\tag-expressions-4.1.0.jar;C:\Users\SRITAMLINKAN\.m2\repository\io\cucumber\cucumber-expressions\15.1.1\cucumber-expressions-15.1.1.jar;C:\Users\SRITAMLINKAN\.m2\repository\io\cucumber\datatable\7.3.4\datatable-7.3.4.jar;C:\Users\SRITAMLINKAN\.m2\repository\io\cucumber\cucumber-plugin\7.3.4\cucumber-plugin-7.3.4.jar;C:\Users\SRITAMLINKAN\.m2\repository\io\cucumber\docstring\7.3.4\docstring-7.3.4.jar;C:\Users\SRITAMLINKAN\.m2\repository\io\cucumber\html-formatter\19.1.0\html-formatter-19.1.0.jar;C:\Users\SRITAMLINKAN\.m2\repository\io\cucumber\ci-environment\9.0.4\ci-environment-9.0.4.jar;C:\Users\SRITAMLINKAN\.m2\repository\org\apiguardian\apiguardian-api\1.1.2\apiguardian-api-1.1.2.jar;C:\Users\SRITAMLINKAN\.m2\repository\io\cucumber\cucumber-jvm-deps\1.0.6\cucumber-jvm-deps-1.0.6.jar;C:\Users\SRITAMLINKAN\.m2\repository\net\masterthought\cucumber-reporting\5.7.1\cucumber-reporting-5.7.1.jar;C:\Users\SRITAMLINKAN\.m2\repository\com\fasterxml\jackson\core\jackson-databind\2.13.2.2\jackson-databind-2.13.2.2.jar;C:\Users\SRITAMLINKAN\.m2\repository\com\fasterxml\jackson\core\jackson-annotations\2.13.2\jackson-annotations-2.13.2.jar;C:\Users\SRITAMLINKAN\.m2\repository\com\fasterxml\jackson\core\jackson-core\2.13.2\jackson-core-2.13.2.jar;C:\Users\SRITAMLINKAN\.m2\repository\com\fasterxml\jackson\datatype\jackson-datatype-jsr310\2.13.2\jackson-datatype-jsr310-2.13.2.jar;C:\Users\SRITAMLINKAN\.m2\repository\org\apache\velocity\velocity-engine-core\2.3\velocity-engine-core-2.3.jar;C:\Users\SRITAMLINKAN\.m2\repository\commons-collections\commons-collections\3.2.2\commons-collections-3.2.2.jar;C:\Users\SRITAMLINKAN\.m2\repository\joda-time\joda-time\2.10.14\joda-time-2.10.14.jar;C:\Users\SRITAMLINKAN\.m2\repository\org\codehaus\plexus\plexus-utils\3.4.2\plexus-utils-3.4.2.jar;C:\Users\SRITAMLINKAN\.m2\repository\org\jsoup\jsoup\1.15.1\jsoup-1.15.1.jar;C:\Users\SRITAMLINKAN\.m2\repository\com\google\guava\guava\31.1-jre\guava-31.1-jre.jar;C:\Users\SRITAMLINKAN\.m2\repository\com\google\guava\failureaccess\1.0.1\failureaccess-1.0.1.jar;C:\Users\SRITAMLINKAN\.m2\repository\com\google\guava\listenablefuture\9999.0-empty-to-avoid-conflict-with-guava\listenablefuture-9999.0-empty-to-avoid-conflict-with-guava.jar;C:\Users\SRITAMLINKAN\.m2\repository\com\google\code\findbugs\jsr305\3.0.2\jsr305-3.0.2.jar;C:\Users\SRITAMLINKAN\.m2\repository\org\checkerframework\checker-qual\3.12.0\checker-qual-3.12.0.jar;C:\Users\SRITAMLINKAN\.m2\repository\com\google\errorprone\error_prone_annotations\2.11.0\error_prone_annotations-2.11.0.jar;C:\Users\SRITAMLINKAN\.m2\repository\com\google\j2objc\j2objc-annotations\1.3\j2objc-annotations-1.3.jar;C:\Users\SRITAMLINKAN\.m2\repository\com\googlecode\owasp-java-html-sanitizer\owasp-java-html-sanitizer\20211018.2\owasp-java-html-sanitizer-20211018.2.jar;C:\Users\SRITAMLINKAN\.m2\repository\commons-configuration\commons-configuration\1.10\commons-configuration-1.10.jar;C:\Users\SRITAMLINKAN\.m2\repository\commons-lang\commons-lang\2.6\commons-lang-2.6.jar;C:\Users\SRITAMLINKAN\.m2\repository\commons-logging\commons-logging\1.1.1\commons-logging-1.1.1.jar;C:\Users\SRITAMLINKAN\.m2\repository\org\hamcrest\hamcrest-core\2.2\hamcrest-core-2.2.jar;C:\Users\SRITAMLINKAN\.m2\repository\org\hamcrest\hamcrest\2.2\hamcrest-2.2.jar;C:\Users\SRITAMLINKAN\.m2\repository\io\cucumber\gherkin\23.0.1\gherkin-23.0.1.jar;C:\Users\SRITAMLINKAN\.m2\repository\io\cucumber\messages\18.0.0\messages-18.0.0.jar;C:\Users\SRITAMLINKAN\.m2\repository\org\seleniumhq\selenium\selenium-java\4.2.1\selenium-java-4.2.1.jar;C:\Users\SRITAMLINKAN\.m2\repository\org\seleniumhq\selenium\selenium-api\4.2.1\selenium-api-4.2.1.jar;C:\Users\SRITAMLINKAN\.m2\repository\org\seleniumhq\selenium\selenium-chrome-driver\4.2.1\selenium-chrome-driver-4.2.1.jar;C:\Users\SRITAMLINKAN\.m2\repository\com\google\auto\service\auto-service-annotations\1.0.1\auto-service-annotations-1.0.1.jar;C:\Users\SRITAMLINKAN\.m2\repository\com\google\auto\service\auto-service\1.0.1\auto-service-1.0.1.jar;C:\Users\SRITAMLINKAN\.m2\repository\com\google\auto\auto-common\1.2\auto-common-1.2.jar;C:\Users\SRITAMLINKAN\.m2\repository\org\seleniumhq\selenium\selenium-chromium-driver\4.2.1\selenium-chromium-driver-4.2.1.jar;C:\Users\SRITAMLINKAN\.m2\repository\org\seleniumhq\selenium\selenium-json\4.2.1\selenium-json-4.2.1.jar;C:\Users\SRITAMLINKAN\.m2\repository\org\seleniumhq\selenium\selenium-devtools-v100\4.2.1\selenium-devtools-v100-4.2.1.jar;C:\Users\SRITAMLINKAN\.m2\repository\org\seleniumhq\selenium\selenium-devtools-v101\4.2.1\selenium-devtools-v101-4.2.1.jar;C:\Users\SRITAMLINKAN\.m2\repository\org\seleniumhq\selenium\selenium-devtools-v102\4.2.1\selenium-devtools-v102-4.2.1.jar;C:\Users\SRITAMLINKAN\.m2\repository\org\seleniumhq\selenium\selenium-devtools-v85\4.2.1\selenium-devtools-v85-4.2.1.jar;C:\Users\SRITAMLINKAN\.m2\repository\org\seleniumhq\selenium\selenium-edge-driver\4.2.1\selenium-edge-driver-4.2.1.jar;C:\Users\SRITAMLINKAN\.m2\repository\org\seleniumhq\selenium\selenium-firefox-driver\4.2.1\selenium-firefox-driver-4.2.1.jar;C:\Users\SRITAMLINKAN\.m2\repository\org\seleniumhq\selenium\selenium-ie-driver\4.2.1\selenium-ie-driver-4.2.1.jar;C:\Users\SRITAMLINKAN\.m2\repository\org\seleniumhq\selenium\selenium-opera-driver\4.2.1\selenium-opera-driver-4.2.1.jar;C:\Users\SRITAMLINKAN\.m2\repository\org\seleniumhq\selenium\selenium-remote-driver\4.2.1\selenium-remote-driver-4.2.1.jar;C:\Users\SRITAMLINKAN\.m2\repository\io\netty\netty-buffer\4.1.77.Final\netty-buffer-4.1.77.Final.jar;C:\Users\SRITAMLINKAN\.m2\repository\io\netty\netty-codec-http\4.1.77.Final\netty-codec-http-4.1.77.Final.jar;C:\Users\SRITAMLINKAN\.m2\repository\io\netty\netty-codec\4.1.77.Final\netty-codec-4.1.77.Final.jar;C:\Users\SRITAMLINKAN\.m2\repository\io\netty\netty-handler\4.1.77.Final\netty-handler-4.1.77.Final.jar;C:\Users\SRITAMLINKAN\.m2\repository\io\netty\netty-common\4.1.77.Final\netty-common-4.1.77.Final.jar;C:\Users\SRITAMLINKAN\.m2\repository\io\netty\netty-transport-classes-epoll\4.1.77.Final\netty-transport-classes-epoll-4.1.77.Final.jar;C:\Users\SRITAMLINKAN\.m2\repository\io\netty\netty-transport-classes-kqueue\4.1.77.Final\netty-transport-classes-kqueue-4.1.77.Final.jar;C:\Users\SRITAMLINKAN\.m2\repository\io\netty\netty-transport-native-epoll\4.1.77.Final\netty-transport-native-epoll-4.1.77.Final.jar;C:\Users\SRITAMLINKAN\.m2\repository\io\netty\netty-transport-native-kqueue\4.1.77.Final\netty-transport-native-kqueue-4.1.77.Final.jar;C:\Users\SRITAMLINKAN\.m2\repository\io\netty\netty-transport-native-unix-common\4.1.77.Final\netty-transport-native-unix-common-4.1.77.Final.jar;C:\Users\SRITAMLINKAN\.m2\repository\io\netty\netty-transport\4.1.77.Final\netty-transport-4.1.77.Final.jar;C:\Users\SRITAMLINKAN\.m2\repository\io\netty\netty-resolver\4.1.77.Final\netty-resolver-4.1.77.Final.jar;C:\Users\SRITAMLINKAN\.m2\repository\io\opentelemetry\opentelemetry-api\1.14.0\opentelemetry-api-1.14.0.jar;C:\Users\SRITAMLINKAN\.m2\repository\io\opentelemetry\opentelemetry-context\1.14.0\opentelemetry-context-1.14.0.jar;C:\Users\SRITAMLINKAN\.m2\repository\io\opentelemetry\opentelemetry-exporter-logging\1.14.0\opentelemetry-exporter-logging-1.14.0.jar;C:\Users\SRITAMLINKAN\.m2\repository\io\opentelemetry\opentelemetry-sdk-metrics\1.14.0\opentelemetry-sdk-metrics-1.14.0.jar;C:\Users\SRITAMLINKAN\.m2\repository\io\opentelemetry\opentelemetry-sdk-logs\1.14.0-alpha\opentelemetry-sdk-logs-1.14.0-alpha.jar;C:\Users\SRITAMLINKAN\.m2\repository\io\opentelemetry\opentelemetry-sdk-common\1.14.0\opentelemetry-sdk-common-1.14.0.jar;C:\Users\SRITAMLINKAN\.m2\repository\io\opentelemetry\opentelemetry-sdk-extension-autoconfigure-spi\1.14.0\opentelemetry-sdk-extension-autoconfigure-spi-1.14.0.jar;C:\Users\SRITAMLINKAN\.m2\repository\io\opentelemetry\opentelemetry-sdk-extension-autoconfigure\1.14.0-alpha\opentelemetry-sdk-extension-autoconfigure-1.14.0-alpha.jar;C:\Users\SRITAMLINKAN\.m2\repository\io\opentelemetry\opentelemetry-sdk-trace\1.14.0\opentelemetry-sdk-trace-1.14.0.jar;C:\Users\SRITAMLINKAN\.m2\repository\io\opentelemetry\opentelemetry-sdk\1.14.0\opentelemetry-sdk-1.14.0.jar;C:\Users\SRITAMLINKAN\.m2\repository\io\opentelemetry\opentelemetry-semconv\1.14.0-alpha\opentelemetry-semconv-1.14.0-alpha.jar;C:\Users\SRITAMLINKAN\.m2\repository\io\ous\jtoml\2.0.0\jtoml-2.0.0.jar;C:\Users\SRITAMLINKAN\.m2\repository\net\bytebuddy\byte-buddy\1.12.10\byte-buddy-1.12.10.jar;C:\Users\SRITAMLINKAN\.m2\repository\org\apache\commons\commons-exec\1.3\commons-exec-1.3.jar;C:\Users\SRITAMLINKAN\.m2\repository\org\asynchttpclient\async-http-client\2.12.3\async-http-client-2.12.3.jar;C:\Users\SRITAMLINKAN\.m2\repository\org\asynchttpclient\async-http-client-netty-utils\2.12.3\async-http-client-netty-utils-2.12.3.jar;C:\Users\SRITAMLINKAN\.m2\repository\io\netty\netty-codec-socks\4.1.60.Final\netty-codec-socks-4.1.60.Final.jar;C:\Users\SRITAMLINKAN\.m2\repository\io\netty\netty-handler-proxy\4.1.60.Final\netty-handler-proxy-4.1.60.Final.jar;C:\Users\SRITAMLINKAN\.m2\repository\io\netty\netty-transport-native-epoll\4.1.60.Final\netty-transport-native-epoll-4.1.60.Final-linux-x86_64.jar;C:\Users\SRITAMLINKAN\.m2\repository\io\netty\netty-transport-native-kqueue\4.1.60.Final\netty-transport-native-kqueue-4.1.60.Final-osx-x86_64.jar;C:\Users\SRITAMLINKAN\.m2\repository\org\reactivestreams\reactive-streams\1.0.3\reactive-streams-1.0.3.jar;C:\Users\SRITAMLINKAN\.m2\repository\com\typesafe\netty\netty-reactive-streams\2.0.4\netty-reactive-streams-2.0.4.jar;C:\Users\SRITAMLINKAN\.m2\repository\com\sun\activation\jakarta.activation\1.2.2\jakarta.activation-1.2.2.jar;C:\Users\SRITAMLINKAN\.m2\repository\org\seleniumhq\selenium\selenium-http\4.2.1\selenium-http-4.2.1.jar;C:\Users\SRITAMLINKAN\.m2\repository\dev\failsafe\failsafe\3.2.4\failsafe-3.2.4.jar;C:\Users\SRITAMLINKAN\.m2\repository\org\seleniumhq\selenium\selenium-safari-driver\4.2.1\selenium-safari-driver-4.2.1.jar;C:\Users\SRITAMLINKAN\.m2\repository\org\seleniumhq\selenium\selenium-support\4.2.1\selenium-support-4.2.1.jar;C:\Users\SRITAMLINKAN\.m2\repository\io\github\bonigarcia\webdrivermanager\5.2.0\webdrivermanager-5.2.0.jar;C:\Users\SRITAMLINKAN\.m2\repository\com\google\code\gson\gson\2.9.0\gson-2.9.0.jar;C:\Users\SRITAMLINKAN\.m2\repository\com\github\docker-java\docker-java\3.2.13\docker-java-3.2.13.jar;C:\Users\SRITAMLINKAN\.m2\repository\com\github\docker-java\docker-java-core\3.2.13\docker-java-core-3.2.13.jar;C:\Users\SRITAMLINKAN\.m2\repository\com\github\docker-java\docker-java-api\3.2.13\docker-java-api-3.2.13.jar;C:\Users\SRITAMLINKAN\.m2\repository\org\bouncycastle\bcpkix-jdk15on\1.64\bcpkix-jdk15on-1.64.jar;C:\Users\SRITAMLINKAN\.m2\repository\org\bouncycastle\bcprov-jdk15on\1.64\bcprov-jdk15on-1.64.jar;C:\Users\SRITAMLINKAN\.m2\repository\org\slf4j\jcl-over-slf4j\1.7.30\jcl-over-slf4j-1.7.30.jar;C:\Users\SRITAMLINKAN\.m2\repository\com\github\docker-java\docker-java-transport-httpclient5\3.2.13\docker-java-transport-httpclient5-3.2.13.jar;C:\Users\SRITAMLINKAN\.m2\repository\com\github\docker-java\docker-java-transport\3.2.13\docker-java-transport-3.2.13.jar;C:\Users\SRITAMLINKAN\.m2\repository\net\java\dev\jna\jna\5.8.0\jna-5.8.0.jar;C:\Users\SRITAMLINKAN\.m2\repository\org\brotli\dec\0.1.2\dec-0.1.2.jar;C:\Users\SRITAMLINKAN\.m2\repository\org\apache\httpcomponents\client5\httpclient5\5.1.3\httpclient5-5.1.3.jar;C:\Users\SRITAMLINKAN\.m2\repository\org\apache\httpcomponents\core5\httpcore5\5.1.3\httpcore5-5.1.3.jar;C:\Users\SRITAMLINKAN\.m2\repository\org\apache\httpcomponents\core5\httpcore5-h2\5.1.3\httpcore5-h2-5.1.3.jar;C:\Program Files\Java\jdk-17.0.6\lib\tools-1.5.0.jar;C:\Users\SRITAMLINKAN\.m2\repository\commons-io\commons-io\2.11.0\commons-io-2.11.0.jar;C:\Users\SRITAMLINKAN\.m2\repository\org\apache\logging\log4j\log4j-core\2.20.0\log4j-core-2.20.0.jar;C:\Users\SRITAMLINKAN\.m2\repository\org\apache\logging\log4j\log4j-api\2.20.0\log4j-api-2.20.0.jar;C:\Users\SRITAMLINKAN\.m2\repository\org\apache\commons\commons-lang3\3.12.0\commons-lang3-3.12.0.jar;C:\Users\SRITAMLINKAN\.m2\repository\org\apache\poi\poi\5.2.3\poi-5.2.3.jar;C:\Users\SRITAMLINKAN\.m2\repository\commons-codec\commons-codec\1.15\commons-codec-1.15.jar;C:\Users\SRITAMLINKAN\.m2\repository\org\apache\commons\commons-collections4\4.4\commons-collections4-4.4.jar;C:\Users\SRITAMLINKAN\.m2\repository\org\apache\commons\commons-math3\3.6.1\commons-math3-3.6.1.jar;C:\Users\SRITAMLINKAN\.m2\repository\com\zaxxer\SparseBitSet\1.2\SparseBitSet-1.2.jar;C:\Users\SRITAMLINKAN\.m2\repository\org\apache\poi\poi-ooxml\5.2.3\poi-ooxml-5.2.3.jar;C:\Users\SRITAMLINKAN\.m2\repository\org\apache\poi\poi-ooxml-lite\5.2.3\poi-ooxml-lite-5.2.3.jar;C:\Users\SRITAMLINKAN\.m2\repository\org\apache\xmlbeans\xmlbeans\5.1.1\xmlbeans-5.1.1.jar;C:\Users\SRITAMLINKAN\.m2\repository\org\apache\commons\commons-compress\1.21\commons-compress-1.21.jar;C:\Users\SRITAMLINKAN\.m2\repository\com\github\virtuald\curvesapi\1.07\curvesapi-1.07.jar;C:\Users\SRITAMLINKAN\.m2\repository\org\testng\testng\7.7.1\testng-7.7.1.jar;C:\Users\SRITAMLINKAN\.m2\repository\com\beust\jcommander\1.82\jcommander-1.82.jar;C:\Users\SRITAMLINKAN\.m2\repository\org\webjars\jquery\3.6.1\jquery-3.6.1.jar;C:\Users\SRITAMLINKAN\.m2\repository\io\cucumber\cucumber-testng\7.11.2\cucumber-testng-7.11.2.jar;C:\Users\SRITAMLINKAN\.m2\repository\tech\grasshopper\extentreports-cucumber7-adapter\1.12.0\extentreports-cucumber7-adapter-1.12.0.jar;C:\Users\SRITAMLINKAN\.m2\repository\com\aventstack\extentreports\5.0.9\extentreports-5.0.9.jar;C:\Users\SRITAMLINKAN\.m2\repository\io\reactivex\rxjava3\rxjava\3.0.4\rxjava-3.0.4.jar;C:\Users\SRITAMLINKAN\.m2\repository\org\freemarker\freemarker\2.3.30\freemarker-2.3.30.jar;C:\Users\SRITAMLINKAN\.m2\repository\tech\grasshopper\extent-pdf-report\2.10.0\extent-pdf-report-2.10.0.jar;C:\Users\SRITAMLINKAN\.m2\repository\tech\grasshopper\cucumber-pdf-report\2.12.0\cucumber-pdf-report-2.12.0.jar;C:\Users\SRITAMLINKAN\.m2\repository\org\apache\pdfbox\pdfbox\2.0.26\pdfbox-2.0.26.jar;C:\Users\SRITAMLINKAN\.m2\repository\org\apache\pdfbox\fontbox\2.0.26\fontbox-2.0.26.jar;C:\Users\SRITAMLINKAN\.m2\repository\org\knowm\xchart\xchart\3.8.0\xchart-3.8.0.jar;C:\Users\SRITAMLINKAN\.m2\repository\de\erichseifert\vectorgraphics2d\VectorGraphics2D\0.13\VectorGraphics2D-0.13.jar;C:\Users\SRITAMLINKAN\.m2\repository\de\rototor\pdfbox\graphics2d\0.30\graphics2d-0.30.jar;C:\Users\SRITAMLINKAN\.m2\repository\com\madgag\animated-gif-lib\1.4\animated-gif-lib-1.4.jar;C:\Users\SRITAMLINKAN\.m2\repository\org\yaml\snakeyaml\1.28\snakeyaml-1.28.jar;C:\Users\SRITAMLINKAN\.m2\repository\tech\grasshopper\table-layout\1.5.1\table-layout-1.5.1.jar;C:\Users\SRITAMLINKAN\.m2\repository\tech\grasshopper\rest-assured-cucumber-pdf-report\1.4.1\rest-assured-cucumber-pdf-report-1.4.1.jar;C:\Users\SRITAMLINKAN\.m2\repository\com\aventstack\klov-reporter\5.0.9\klov-reporter-5.0.9.jar;C:\Users\SRITAMLINKAN\.m2\repository\org\mongodb\mongodb-driver\3.6.4\mongodb-driver-3.6.4.jar;C:\Users\SRITAMLINKAN\.m2\repository\org\mongodb\mongodb-driver-core\3.6.4\mongodb-driver-core-3.6.4.jar;C:\Users\SRITAMLINKAN\.m2\repository\org\mongodb\bson\3.6.4\bson-3.6.4.jar;C:\Users\SRITAMLINKAN\.m2\repository\org\apache\httpcomponents\httpclient\4.5.13\httpclient-4.5.13.jar;C:\Users\SRITAMLINKAN\.m2\repository\org\apache\httpcomponents\httpcore\4.4.13\httpcore-4.4.13.jar;C:\Users\SRITAMLINKAN\.m2\repository\org\apache\httpcomponents\httpmime\4.5.13\httpmime-4.5.13.jar;C:\Users\SRITAMLINKAN\.m2\repository\tech\grasshopper\htmlextentreporter\1.0.1\htmlextentreporter-1.0.1.jar;C:\Users\SRITAMLINKAN\.m2\repository\tech\grasshopper\extent-excel-report\1.3.0\extent-excel-report-1.3.0.jar;C:\Users\SRITAMLINKAN\.m2\repository\org\projectlombok\lombok\1.18.20\lombok-1.18.20.jar;"/>
    <property name="sun.cpu.endian" value="little"/>
    <property name="user.home" value="C:\Users\SRITAMLINKAN"/>
    <property name="user.language" value="en"/>
    <property name="java.specification.vendor" value="Oracle Corporation"/>
    <property name="java.version.date" value="2023-01-17"/>
    <property name="java.home" value="C:\Program Files\Java\jdk-17.0.6"/>
    <property name="file.separator" value="\"/>
    <property name="basedir" value="C:\Users\SRITAMLINKAN\eclipse-workspace\cucumberproject"/>
    <property name="java.vm.compressedOopsMode" value="Zero based"/>
    <property name="line.separator" value="&#10;"/>
    <property name="java.vm.specification.vendor" value="Oracle Corporation"/>
    <property name="java.specification.name" value="Java Platform API Specification"/>
    <property name="surefire.real.class.path" value="C:\Users\SRITAMLINKAN\AppData\Local\Temp\surefire5898985409396270393\surefirebooter-20230401213042242_3.jar"/>
    <property name="user.script" value=""/>
    <property name="sun.management.compiler" value="HotSpot 64-Bit Tiered Compilers"/>
    <property name="java.runtime.version" value="17.0.6+9-LTS-190"/>
    <property name="user.name" value="SritamLinkan"/>
    <property name="path.separator" value=";"/>
    <property name="os.version" value="10.0"/>
    <property name="java.runtime.name" value="Java(TM) SE Runtime Environment"/>
    <property name="file.encoding" value="Cp1252"/>
    <property name="java.vm.name" value="Java HotSpot(TM) 64-Bit Server VM"/>
    <property name="localRepository" value="C:\Users\SRITAMLINKAN\.m2\repository"/>
    <property name="java.vendor.url.bug" value="https://bugreport.java.com/bugreport/"/>
    <property name="java.io.tmpdir" value="C:\Users\SRITAM~1\AppData\Local\Temp\"/>
    <property name="java.version" value="17.0.6"/>
    <property name="user.dir" value="C:\Users\SRITAMLINKAN\eclipse-workspace\cucumberproject"/>
    <property name="os.arch" value="amd64"/>
    <property name="java.vm.specification.name" value="Java Virtual Machine Specification"/>
    <property name="sun.os.patch.level" value=""/>
    <property name="native.encoding" value="Cp1252"/>
    <property name="java.library.path" value="C:\Program Files\Java\jdk-17.0.6\bin;C:\WINDOWS\Sun\Java\bin;C:\WINDOWS\system32;C:\WINDOWS;C:\apache-maven-4.0.0-alpha-4/bin;C:\Program Files\Java\jdk-17.0.6\bin;C:\Program Files\Common Files\Oracle\Java\javapath;C:\Windows\system32;C:\Windows;C:\Windows\System32\Wbem;C:\Windows\System32\WindowsPowerShell\v1.0\;C:\Windows\System32\OpenSSH\;C:\Program Files (x86)\NVIDIA Corporation\PhysX\Common;C:\Program Files\NVIDIA Corporation\NVIDIA NvDLISR;C:\WINDOWS\system32;C:\WINDOWS;C:\WINDOWS\System32\Wbem;C:\WINDOWS\System32\WindowsPowerShell\v1.0\;C:\WINDOWS\System32\OpenSSH\;C:\Program Files\Git\cmd;C:\apache-maven-4.0.0-alpha-4\bin;C:\Program Files\MySQL\MySQL Shell 8.0\bin\;C:\Users\SRITAMLINKAN\AppData\Local\Microsoft\WindowsApps;C:\apache-maven-4.0.0-alpha-4\bin;;."/>
    <property name="java.vm.info" value="mixed mode, sharing"/>
    <property name="java.vendor" value="Oracle Corporation"/>
    <property name="java.vm.version" value="17.0.6+9-LTS-190"/>
    <property name="sun.io.unicode.encoding" value="UnicodeLittle"/>
    <property name="java.class.version" value="61.0"/>
  </properties>
  <testcase name="runScenario[&quot;Successfully login with valid credentails&quot;, &quot;login&quot;](1)" classname="CucumberRunner.TestRunner" time="6.419">
    <system-out><![CDATA[[DEBUG] Resolution chrome=111 in cache (valid until 22:29:30 01/04/2023 IST)
[DEBUG] Resolution chrome111=111.0.5563.64 in cache (valid until 23:22:12 01/04/2023 IST)
[INFO] Using chromedriver 111.0.5563.64 (resolved driver for Chrome 111)
[DEBUG] Driver chromedriver 111.0.5563.64 found in cache
[INFO] Exporting webdriver.chrome.driver as C:\Users\SRITAMLINKAN\.cache\selenium\chromedriver\win32\111.0.5563.64\chromedriver.exe
[DEBUG] Using SLF4J as the default logging framework
[DEBUG] -Dio.netty.leakDetection.level: simple
[DEBUG] -Dio.netty.leakDetection.targetRecords: 4
[DEBUG] Loaded default ResourceLeakDetector: io.netty.util.ResourceLeakDetector@7d3fb0ef
[DEBUG] -Dio.netty.noUnsafe: false
[DEBUG] Java version: 17
[DEBUG] sun.misc.Unsafe.theUnsafe: available
[DEBUG] sun.misc.Unsafe.copyMemory: available
[DEBUG] sun.misc.Unsafe.storeFence: available
[DEBUG] java.nio.Buffer.address: available
[DEBUG] direct buffer constructor: unavailable: Reflective setAccessible(true) disabled
[DEBUG] java.nio.Bits.unaligned: available, true
[DEBUG] jdk.internal.misc.Unsafe.allocateUninitializedArray(int): unavailable: class io.netty.util.internal.PlatformDependent0$7 cannot access class jdk.internal.misc.Unsafe (in module java.base) because module java.base does not export jdk.internal.misc to unnamed module @7791a895
[DEBUG] java.nio.DirectByteBuffer.<init>(long, int): unavailable
[DEBUG] sun.misc.Unsafe: available
[DEBUG] maxDirectMemory: 4253024256 bytes (maybe)
[DEBUG] -Dio.netty.tmpdir: C:\Users\SRITAM~1\AppData\Local\Temp (java.io.tmpdir)
[DEBUG] -Dio.netty.bitMode: 64 (sun.arch.data.model)
[DEBUG] Platform: Windows
[DEBUG] -Dio.netty.maxDirectMemory: -1 bytes
[DEBUG] -Dio.netty.uninitializedArrayAllocationThreshold: -1
[DEBUG] java.nio.ByteBuffer.cleaner(): available
[DEBUG] -Dio.netty.noPreferDirect: false
[DEBUG] org.jctools-core.MpscChunkedArrayQueue: available
[DEBUG] -Dio.netty.threadLocalMap.stringBuilder.initialSize: 1024
[DEBUG] -Dio.netty.threadLocalMap.stringBuilder.maxSize: 4096
[DEBUG] Default protocols (JDK): [TLSv1.3, TLSv1.2] 
[DEBUG] Default cipher suites (JDK): [TLS_ECDHE_ECDSA_WITH_AES_256_GCM_SHA384, TLS_ECDHE_ECDSA_WITH_AES_128_GCM_SHA256, TLS_ECDHE_RSA_WITH_AES_128_GCM_SHA256, TLS_ECDHE_RSA_WITH_AES_256_GCM_SHA384, TLS_ECDHE_RSA_WITH_AES_128_CBC_SHA, TLS_ECDHE_RSA_WITH_AES_256_CBC_SHA, TLS_RSA_WITH_AES_128_GCM_SHA256, TLS_RSA_WITH_AES_128_CBC_SHA, TLS_RSA_WITH_AES_256_CBC_SHA, TLS_AES_128_GCM_SHA256, TLS_AES_256_GCM_SHA384]
[DEBUG] -Dio.netty.eventLoopThreads: 16
[DEBUG] -Dio.netty.noKeySetOptimization: false
[DEBUG] -Dio.netty.selectorAutoRebuildThreshold: 512
[DEBUG] -Dio.netty.allocator.numHeapArenas: 16
[DEBUG] -Dio.netty.allocator.numDirectArenas: 16
[DEBUG] -Dio.netty.allocator.pageSize: 8192
[DEBUG] -Dio.netty.allocator.maxOrder: 9
[DEBUG] -Dio.netty.allocator.chunkSize: 4194304
[DEBUG] -Dio.netty.allocator.smallCacheSize: 256
[DEBUG] -Dio.netty.allocator.normalCacheSize: 64
[DEBUG] -Dio.netty.allocator.maxCachedBufferCapacity: 32768
[DEBUG] -Dio.netty.allocator.cacheTrimInterval: 8192
[DEBUG] -Dio.netty.allocator.cacheTrimIntervalMillis: 0
[DEBUG] -Dio.netty.allocator.useCacheForAllThreads: false
[DEBUG] -Dio.netty.allocator.maxCachedByteBuffersPerChunk: 1023
[DEBUG] -Dio.netty.allocator.type: pooled
[DEBUG] -Dio.netty.threadLocalDirectBufferSize: 0
[DEBUG] -Dio.netty.maxThreadLocalCharBufferSize: 16384
[DEBUG] -Dio.netty.processId: 10696 (auto-detected)
[DEBUG] -Djava.net.preferIPv4Stack: false
[DEBUG] -Djava.net.preferIPv6Addresses: false
[DEBUG] Loopback interface: lo (Software Loopback Interface 1, 127.0.0.1)
[DEBUG] Failed to get SOMAXCONN from sysctl and file \proc\sys\net\core\somaxconn. Default: 200
[DEBUG] -Dio.netty.machineId: 48:e7:da:ff:fe:10:6f:35 (auto-detected)
[DEBUG] -Dio.netty.buffer.checkAccessible: true
[DEBUG] -Dio.netty.buffer.checkBounds: true
[DEBUG] Loaded default ResourceLeakDetector: io.netty.util.ResourceLeakDetector@3bf748e7
[DEBUG] Using new Channel '[id: 0x37d76398, L:/127.0.0.1:63303 - R:localhost/127.0.0.1:63836]' for 'POST' to '/session'
[DEBUG] -Dio.netty.recycler.maxCapacityPerThread: 4096
[DEBUG] -Dio.netty.recycler.ratio: 8
[DEBUG] -Dio.netty.recycler.chunkSize: 32
[DEBUG] -Dio.netty.recycler.blocking: false
[DEBUG] brotli4j not in the classpath; Brotli support will be unavailable.
[DEBUG] 

Request DefaultHttpRequest(decodeResult: success, version: HTTP/1.1)
POST /session HTTP/1.1
User-Agent: selenium/4.2.1 (java windows)
Content-Length: 439
Content-Type: application/json; charset=utf-8
host: localhost:63836
accept: */*

Response DefaultHttpResponse(decodeResult: success, version: HTTP/1.1)
HTTP/1.1 200 OK
Content-Type: application/json; charset=utf-8
cache-control: no-cache
content-length: 860

[DEBUG] Adding key: http://localhost:63836 for channel [id: 0x37d76398, L:/127.0.0.1:63303 - R:localhost/127.0.0.1:63836]
[DEBUG] Using new Channel '[id: 0x39e2169e, L:/127.0.0.1:63314 - R:localhost/127.0.0.1:63304]' for 'GET' to '/json/version'
[DEBUG] 

Request DefaultFullHttpRequest(decodeResult: success, version: HTTP/1.1, content: EmptyByteBufBE)
GET /json/version HTTP/1.1
User-Agent: selenium/4.2.1 (java windows)
host: localhost:63304
accept: */*

Response DefaultHttpResponse(decodeResult: success, version: HTTP/1.1)
HTTP/1.1 200 OK
Content-Security-Policy: frame-ancestors 'none'
Content-Type: application/json; charset=UTF-8
content-length: 424

[DEBUG] Adding key: http://localhost:63304 for channel [id: 0x39e2169e, L:/127.0.0.1:63314 - R:localhost/127.0.0.1:63304]
[DEBUG] -Dio.netty.initialSeedUniquifier: 0x5df3693479e90dda
[DEBUG] Using new Channel '[id: 0xa5a25777, L:/127.0.0.1:63315 - R:localhost/127.0.0.1:63304]' for 'GET' to '/devtools/browser/d879b284-10ad-48ac-b88f-4ef9d1465344'
[DEBUG] 

Request DefaultFullHttpRequest(decodeResult: success, version: HTTP/1.1, content: EmptyByteBufBE)
GET /devtools/browser/d879b284-10ad-48ac-b88f-4ef9d1465344 HTTP/1.1
upgrade: websocket
connection: upgrade
sec-websocket-key: 4zYAUCTNfrjApn8NEgyelA==
sec-websocket-version: 13
origin: http://localhost:63304
host: localhost:63304
accept: */*
user-agent: AHC/2.1

Response DefaultHttpResponse(decodeResult: success, version: HTTP/1.1)
HTTP/1.1 101 WebSocket Protocol Handshake
Upgrade: WebSocket
Connection: Upgrade
Sec-WebSocket-Accept: 5kQXpL7psdHhRyU1ntTa369EKAI=

[DEBUG] Using pooled Channel '[id: 0x37d76398, L:/127.0.0.1:63303 - R:localhost/127.0.0.1:63836]' for 'POST' to 'http://localhost:63836/session/a0d6f6aa4884ec17a6b3faf14a16c89d/window/maximize'
[DEBUG] Using open Channel [id: 0x37d76398, L:/127.0.0.1:63303 - R:localhost/127.0.0.1:63836] for POST '/session/a0d6f6aa4884ec17a6b3faf14a16c89d/window/maximize'
[DEBUG] Entry count for : http://localhost:63304 : 1
[DEBUG] 

Request DefaultHttpRequest(decodeResult: success, version: HTTP/1.1)
POST /session/a0d6f6aa4884ec17a6b3faf14a16c89d/window/maximize HTTP/1.1
User-Agent: selenium/4.2.1 (java windows)
Content-Length: 3
Content-Type: application/json; charset=utf-8
host: localhost:63836
accept: */*

Response DefaultHttpResponse(decodeResult: success, version: HTTP/1.1)
HTTP/1.1 200 OK
Content-Type: application/json; charset=utf-8
cache-control: no-cache
content-length: 51

[DEBUG] Adding key: http://localhost:63836 for channel [id: 0x37d76398, L:/127.0.0.1:63303 - R:localhost/127.0.0.1:63836]
[DEBUG] Using pooled Channel '[id: 0x37d76398, L:/127.0.0.1:63303 - R:localhost/127.0.0.1:63836]' for 'POST' to 'http://localhost:63836/session/a0d6f6aa4884ec17a6b3faf14a16c89d/timeouts'
[DEBUG] Using open Channel [id: 0x37d76398, L:/127.0.0.1:63303 - R:localhost/127.0.0.1:63836] for POST '/session/a0d6f6aa4884ec17a6b3faf14a16c89d/timeouts'
[DEBUG] 

Request DefaultHttpRequest(decodeResult: success, version: HTTP/1.1)
POST /session/a0d6f6aa4884ec17a6b3faf14a16c89d/timeouts HTTP/1.1
User-Agent: selenium/4.2.1 (java windows)
Content-Length: 23
Content-Type: application/json; charset=utf-8
host: localhost:63836
accept: */*

Response DefaultHttpResponse(decodeResult: success, version: HTTP/1.1)
HTTP/1.1 200 OK
Content-Type: application/json; charset=utf-8
cache-control: no-cache
content-length: 14

[DEBUG] Adding key: http://localhost:63836 for channel [id: 0x37d76398, L:/127.0.0.1:63303 - R:localhost/127.0.0.1:63836]
[DEBUG] Using pooled Channel '[id: 0x37d76398, L:/127.0.0.1:63303 - R:localhost/127.0.0.1:63836]' for 'POST' to 'http://localhost:63836/session/a0d6f6aa4884ec17a6b3faf14a16c89d/url'
[DEBUG] Using open Channel [id: 0x37d76398, L:/127.0.0.1:63303 - R:localhost/127.0.0.1:63836] for POST '/session/a0d6f6aa4884ec17a6b3faf14a16c89d/url'
[DEBUG] Entry count for : http://localhost:63304 : 1
[DEBUG] Entry count for : http://localhost:63304 : 1
[DEBUG] 

Request DefaultHttpRequest(decodeResult: success, version: HTTP/1.1)
POST /session/a0d6f6aa4884ec17a6b3faf14a16c89d/url HTTP/1.1
User-Agent: selenium/4.2.1 (java windows)
Content-Length: 100
Content-Type: application/json; charset=utf-8
host: localhost:63836
accept: */*

Response DefaultHttpResponse(decodeResult: success, version: HTTP/1.1)
HTTP/1.1 200 OK
Content-Type: application/json; charset=utf-8
cache-control: no-cache
content-length: 14

[DEBUG] Adding key: http://localhost:63836 for channel [id: 0x37d76398, L:/127.0.0.1:63303 - R:localhost/127.0.0.1:63836]
[DEBUG] Using pooled Channel '[id: 0x37d76398, L:/127.0.0.1:63303 - R:localhost/127.0.0.1:63836]' for 'POST' to 'http://localhost:63836/session/a0d6f6aa4884ec17a6b3faf14a16c89d/element'
[DEBUG] Using open Channel [id: 0x37d76398, L:/127.0.0.1:63303 - R:localhost/127.0.0.1:63836] for POST '/session/a0d6f6aa4884ec17a6b3faf14a16c89d/element'
[DEBUG] 

Request DefaultHttpRequest(decodeResult: success, version: HTTP/1.1)
POST /session/a0d6f6aa4884ec17a6b3faf14a16c89d/element HTTP/1.1
User-Agent: selenium/4.2.1 (java windows)
Content-Length: 58
Content-Type: application/json; charset=utf-8
host: localhost:63836
accept: */*

Response DefaultHttpResponse(decodeResult: success, version: HTTP/1.1)
HTTP/1.1 200 OK
Content-Type: application/json; charset=utf-8
cache-control: no-cache
content-length: 88

[DEBUG] Adding key: http://localhost:63836 for channel [id: 0x37d76398, L:/127.0.0.1:63303 - R:localhost/127.0.0.1:63836]
[DEBUG] Using pooled Channel '[id: 0x37d76398, L:/127.0.0.1:63303 - R:localhost/127.0.0.1:63836]' for 'POST' to 'http://localhost:63836/session/a0d6f6aa4884ec17a6b3faf14a16c89d/element/bbe007bb-cc1b-4f92-8118-ce224db463b3/clear'
[DEBUG] Using open Channel [id: 0x37d76398, L:/127.0.0.1:63303 - R:localhost/127.0.0.1:63836] for POST '/session/a0d6f6aa4884ec17a6b3faf14a16c89d/element/bbe007bb-cc1b-4f92-8118-ce224db463b3/clear'
[DEBUG] 

Request DefaultHttpRequest(decodeResult: success, version: HTTP/1.1)
POST /session/a0d6f6aa4884ec17a6b3faf14a16c89d/element/bbe007bb-cc1b-4f92-8118-ce224db463b3/clear HTTP/1.1
User-Agent: selenium/4.2.1 (java windows)
Content-Length: 50
Content-Type: application/json; charset=utf-8
host: localhost:63836
accept: */*

Response DefaultHttpResponse(decodeResult: success, version: HTTP/1.1)
HTTP/1.1 200 OK
Content-Type: application/json; charset=utf-8
cache-control: no-cache
content-length: 14

[DEBUG] Adding key: http://localhost:63836 for channel [id: 0x37d76398, L:/127.0.0.1:63303 - R:localhost/127.0.0.1:63836]
[DEBUG] Using pooled Channel '[id: 0x37d76398, L:/127.0.0.1:63303 - R:localhost/127.0.0.1:63836]' for 'POST' to 'http://localhost:63836/session/a0d6f6aa4884ec17a6b3faf14a16c89d/element'
[DEBUG] Using open Channel [id: 0x37d76398, L:/127.0.0.1:63303 - R:localhost/127.0.0.1:63836] for POST '/session/a0d6f6aa4884ec17a6b3faf14a16c89d/element'
[DEBUG] 

Request DefaultHttpRequest(decodeResult: success, version: HTTP/1.1)
POST /session/a0d6f6aa4884ec17a6b3faf14a16c89d/element HTTP/1.1
User-Agent: selenium/4.2.1 (java windows)
Content-Length: 58
Content-Type: application/json; charset=utf-8
host: localhost:63836
accept: */*

Response DefaultHttpResponse(decodeResult: success, version: HTTP/1.1)
HTTP/1.1 200 OK
Content-Type: application/json; charset=utf-8
cache-control: no-cache
content-length: 88

[DEBUG] Adding key: http://localhost:63836 for channel [id: 0x37d76398, L:/127.0.0.1:63303 - R:localhost/127.0.0.1:63836]
[DEBUG] Using pooled Channel '[id: 0x37d76398, L:/127.0.0.1:63303 - R:localhost/127.0.0.1:63836]' for 'POST' to 'http://localhost:63836/session/a0d6f6aa4884ec17a6b3faf14a16c89d/element/bbe007bb-cc1b-4f92-8118-ce224db463b3/value'
[DEBUG] Using open Channel [id: 0x37d76398, L:/127.0.0.1:63303 - R:localhost/127.0.0.1:63836] for POST '/session/a0d6f6aa4884ec17a6b3faf14a16c89d/element/bbe007bb-cc1b-4f92-8118-ce224db463b3/value'
[DEBUG] 

Request DefaultHttpRequest(decodeResult: success, version: HTTP/1.1)
POST /session/a0d6f6aa4884ec17a6b3faf14a16c89d/element/bbe007bb-cc1b-4f92-8118-ce224db463b3/value HTTP/1.1
User-Agent: selenium/4.2.1 (java windows)
Content-Length: 241
Content-Type: application/json; charset=utf-8
host: localhost:63836
accept: */*

Response DefaultHttpResponse(decodeResult: success, version: HTTP/1.1)
HTTP/1.1 200 OK
Content-Type: application/json; charset=utf-8
cache-control: no-cache
content-length: 14

[DEBUG] Adding key: http://localhost:63836 for channel [id: 0x37d76398, L:/127.0.0.1:63303 - R:localhost/127.0.0.1:63836]
[DEBUG] Using pooled Channel '[id: 0x37d76398, L:/127.0.0.1:63303 - R:localhost/127.0.0.1:63836]' for 'POST' to 'http://localhost:63836/session/a0d6f6aa4884ec17a6b3faf14a16c89d/element'
[DEBUG] Using open Channel [id: 0x37d76398, L:/127.0.0.1:63303 - R:localhost/127.0.0.1:63836] for POST '/session/a0d6f6aa4884ec17a6b3faf14a16c89d/element'
[DEBUG] 

Request DefaultHttpRequest(decodeResult: success, version: HTTP/1.1)
POST /session/a0d6f6aa4884ec17a6b3faf14a16c89d/element HTTP/1.1
User-Agent: selenium/4.2.1 (java windows)
Content-Length: 61
Content-Type: application/json; charset=utf-8
host: localhost:63836
accept: */*

Response DefaultHttpResponse(decodeResult: success, version: HTTP/1.1)
HTTP/1.1 200 OK
Content-Type: application/json; charset=utf-8
cache-control: no-cache
content-length: 88

[DEBUG] Adding key: http://localhost:63836 for channel [id: 0x37d76398, L:/127.0.0.1:63303 - R:localhost/127.0.0.1:63836]
[DEBUG] Using pooled Channel '[id: 0x37d76398, L:/127.0.0.1:63303 - R:localhost/127.0.0.1:63836]' for 'POST' to 'http://localhost:63836/session/a0d6f6aa4884ec17a6b3faf14a16c89d/element/573babb5-b1b5-428a-80ec-2d1ca3f17dcf/clear'
[DEBUG] Using open Channel [id: 0x37d76398, L:/127.0.0.1:63303 - R:localhost/127.0.0.1:63836] for POST '/session/a0d6f6aa4884ec17a6b3faf14a16c89d/element/573babb5-b1b5-428a-80ec-2d1ca3f17dcf/clear'
[DEBUG] 

Request DefaultHttpRequest(decodeResult: success, version: HTTP/1.1)
POST /session/a0d6f6aa4884ec17a6b3faf14a16c89d/element/573babb5-b1b5-428a-80ec-2d1ca3f17dcf/clear HTTP/1.1
User-Agent: selenium/4.2.1 (java windows)
Content-Length: 50
Content-Type: application/json; charset=utf-8
host: localhost:63836
accept: */*

Response DefaultHttpResponse(decodeResult: success, version: HTTP/1.1)
HTTP/1.1 200 OK
Content-Type: application/json; charset=utf-8
cache-control: no-cache
content-length: 14

[DEBUG] Adding key: http://localhost:63836 for channel [id: 0x37d76398, L:/127.0.0.1:63303 - R:localhost/127.0.0.1:63836]
[DEBUG] Using pooled Channel '[id: 0x37d76398, L:/127.0.0.1:63303 - R:localhost/127.0.0.1:63836]' for 'POST' to 'http://localhost:63836/session/a0d6f6aa4884ec17a6b3faf14a16c89d/element'
[DEBUG] Using open Channel [id: 0x37d76398, L:/127.0.0.1:63303 - R:localhost/127.0.0.1:63836] for POST '/session/a0d6f6aa4884ec17a6b3faf14a16c89d/element'
[DEBUG] 

Request DefaultHttpRequest(decodeResult: success, version: HTTP/1.1)
POST /session/a0d6f6aa4884ec17a6b3faf14a16c89d/element HTTP/1.1
User-Agent: selenium/4.2.1 (java windows)
Content-Length: 61
Content-Type: application/json; charset=utf-8
host: localhost:63836
accept: */*

Response DefaultHttpResponse(decodeResult: success, version: HTTP/1.1)
HTTP/1.1 200 OK
Content-Type: application/json; charset=utf-8
cache-control: no-cache
content-length: 88

[DEBUG] Adding key: http://localhost:63836 for channel [id: 0x37d76398, L:/127.0.0.1:63303 - R:localhost/127.0.0.1:63836]
[DEBUG] Using pooled Channel '[id: 0x37d76398, L:/127.0.0.1:63303 - R:localhost/127.0.0.1:63836]' for 'POST' to 'http://localhost:63836/session/a0d6f6aa4884ec17a6b3faf14a16c89d/element/573babb5-b1b5-428a-80ec-2d1ca3f17dcf/value'
[DEBUG] Using open Channel [id: 0x37d76398, L:/127.0.0.1:63303 - R:localhost/127.0.0.1:63836] for POST '/session/a0d6f6aa4884ec17a6b3faf14a16c89d/element/573babb5-b1b5-428a-80ec-2d1ca3f17dcf/value'
[DEBUG] Entry count for : http://localhost:63304 : 1
[DEBUG] 

Request DefaultHttpRequest(decodeResult: success, version: HTTP/1.1)
POST /session/a0d6f6aa4884ec17a6b3faf14a16c89d/element/573babb5-b1b5-428a-80ec-2d1ca3f17dcf/value HTTP/1.1
User-Agent: selenium/4.2.1 (java windows)
Content-Length: 141
Content-Type: application/json; charset=utf-8
host: localhost:63836
accept: */*

Response DefaultHttpResponse(decodeResult: success, version: HTTP/1.1)
HTTP/1.1 200 OK
Content-Type: application/json; charset=utf-8
cache-control: no-cache
content-length: 14

[DEBUG] Adding key: http://localhost:63836 for channel [id: 0x37d76398, L:/127.0.0.1:63303 - R:localhost/127.0.0.1:63836]
[DEBUG] Using pooled Channel '[id: 0x37d76398, L:/127.0.0.1:63303 - R:localhost/127.0.0.1:63836]' for 'POST' to 'http://localhost:63836/session/a0d6f6aa4884ec17a6b3faf14a16c89d/element'
[DEBUG] Using open Channel [id: 0x37d76398, L:/127.0.0.1:63303 - R:localhost/127.0.0.1:63836] for POST '/session/a0d6f6aa4884ec17a6b3faf14a16c89d/element'
[DEBUG] 

Request DefaultHttpRequest(decodeResult: success, version: HTTP/1.1)
POST /session/a0d6f6aa4884ec17a6b3faf14a16c89d/element HTTP/1.1
User-Agent: selenium/4.2.1 (java windows)
Content-Length: 70
Content-Type: application/json; charset=utf-8
host: localhost:63836
accept: */*

Response DefaultHttpResponse(decodeResult: success, version: HTTP/1.1)
HTTP/1.1 200 OK
Content-Type: application/json; charset=utf-8
cache-control: no-cache
content-length: 88

[DEBUG] Adding key: http://localhost:63836 for channel [id: 0x37d76398, L:/127.0.0.1:63303 - R:localhost/127.0.0.1:63836]
[DEBUG] Using pooled Channel '[id: 0x37d76398, L:/127.0.0.1:63303 - R:localhost/127.0.0.1:63836]' for 'POST' to 'http://localhost:63836/session/a0d6f6aa4884ec17a6b3faf14a16c89d/element/86f38b86-89e7-4551-968a-99747efe4b72/click'
[DEBUG] Using open Channel [id: 0x37d76398, L:/127.0.0.1:63303 - R:localhost/127.0.0.1:63836] for POST '/session/a0d6f6aa4884ec17a6b3faf14a16c89d/element/86f38b86-89e7-4551-968a-99747efe4b72/click'
[DEBUG] 

Request DefaultHttpRequest(decodeResult: success, version: HTTP/1.1)
POST /session/a0d6f6aa4884ec17a6b3faf14a16c89d/element/86f38b86-89e7-4551-968a-99747efe4b72/click HTTP/1.1
User-Agent: selenium/4.2.1 (java windows)
Content-Length: 50
Content-Type: application/json; charset=utf-8
host: localhost:63836
accept: */*

Response DefaultHttpResponse(decodeResult: success, version: HTTP/1.1)
HTTP/1.1 200 OK
Content-Type: application/json; charset=utf-8
cache-control: no-cache
content-length: 14

[DEBUG] Adding key: http://localhost:63836 for channel [id: 0x37d76398, L:/127.0.0.1:63303 - R:localhost/127.0.0.1:63836]
[DEBUG] Using pooled Channel '[id: 0x37d76398, L:/127.0.0.1:63303 - R:localhost/127.0.0.1:63836]' for 'GET' to 'http://localhost:63836/session/a0d6f6aa4884ec17a6b3faf14a16c89d/title'
[DEBUG] Using open Channel [id: 0x37d76398, L:/127.0.0.1:63303 - R:localhost/127.0.0.1:63836] for GET '/session/a0d6f6aa4884ec17a6b3faf14a16c89d/title'
[DEBUG] 

Request DefaultFullHttpRequest(decodeResult: success, version: HTTP/1.1, content: EmptyByteBufBE)
GET /session/a0d6f6aa4884ec17a6b3faf14a16c89d/title HTTP/1.1
User-Agent: selenium/4.2.1 (java windows)
Cache-Control: no-cache
Content-Type: application/json; charset=utf-8
host: localhost:63836
accept: */*

Response DefaultHttpResponse(decodeResult: success, version: HTTP/1.1)
HTTP/1.1 200 OK
Content-Type: application/json; charset=utf-8
cache-control: no-cache
content-length: 22

[DEBUG] Adding key: http://localhost:63836 for channel [id: 0x37d76398, L:/127.0.0.1:63303 - R:localhost/127.0.0.1:63836]
[DEBUG] Using pooled Channel '[id: 0x37d76398, L:/127.0.0.1:63303 - R:localhost/127.0.0.1:63836]' for 'POST' to 'http://localhost:63836/session/a0d6f6aa4884ec17a6b3faf14a16c89d/element'
[DEBUG] Using open Channel [id: 0x37d76398, L:/127.0.0.1:63303 - R:localhost/127.0.0.1:63836] for POST '/session/a0d6f6aa4884ec17a6b3faf14a16c89d/element'
[DEBUG] 

Request DefaultHttpRequest(decodeResult: success, version: HTTP/1.1)
POST /session/a0d6f6aa4884ec17a6b3faf14a16c89d/element HTTP/1.1
User-Agent: selenium/4.2.1 (java windows)
Content-Length: 47
Content-Type: application/json; charset=utf-8
host: localhost:63836
accept: */*

Response DefaultHttpResponse(decodeResult: success, version: HTTP/1.1)
HTTP/1.1 200 OK
Content-Type: application/json; charset=utf-8
cache-control: no-cache
content-length: 88

[DEBUG] Adding key: http://localhost:63836 for channel [id: 0x37d76398, L:/127.0.0.1:63303 - R:localhost/127.0.0.1:63836]
[DEBUG] Using pooled Channel '[id: 0x37d76398, L:/127.0.0.1:63303 - R:localhost/127.0.0.1:63836]' for 'POST' to 'http://localhost:63836/session/a0d6f6aa4884ec17a6b3faf14a16c89d/element/d1e47ddc-1097-40d4-9326-a9d35d4b2458/click'
[DEBUG] Using open Channel [id: 0x37d76398, L:/127.0.0.1:63303 - R:localhost/127.0.0.1:63836] for POST '/session/a0d6f6aa4884ec17a6b3faf14a16c89d/element/d1e47ddc-1097-40d4-9326-a9d35d4b2458/click'
[DEBUG] 

Request DefaultHttpRequest(decodeResult: success, version: HTTP/1.1)
POST /session/a0d6f6aa4884ec17a6b3faf14a16c89d/element/d1e47ddc-1097-40d4-9326-a9d35d4b2458/click HTTP/1.1
User-Agent: selenium/4.2.1 (java windows)
Content-Length: 50
Content-Type: application/json; charset=utf-8
host: localhost:63836
accept: */*

Response DefaultHttpResponse(decodeResult: success, version: HTTP/1.1)
HTTP/1.1 200 OK
Content-Type: application/json; charset=utf-8
cache-control: no-cache
content-length: 14

[DEBUG] Adding key: http://localhost:63836 for channel [id: 0x37d76398, L:/127.0.0.1:63303 - R:localhost/127.0.0.1:63836]
[DEBUG] Using pooled Channel '[id: 0x37d76398, L:/127.0.0.1:63303 - R:localhost/127.0.0.1:63836]' for 'GET' to 'http://localhost:63836/session/a0d6f6aa4884ec17a6b3faf14a16c89d/title'
[DEBUG] Using open Channel [id: 0x37d76398, L:/127.0.0.1:63303 - R:localhost/127.0.0.1:63836] for GET '/session/a0d6f6aa4884ec17a6b3faf14a16c89d/title'
[DEBUG] 

Request DefaultFullHttpRequest(decodeResult: success, version: HTTP/1.1, content: EmptyByteBufBE)
GET /session/a0d6f6aa4884ec17a6b3faf14a16c89d/title HTTP/1.1
User-Agent: selenium/4.2.1 (java windows)
Cache-Control: no-cache
Content-Type: application/json; charset=utf-8
host: localhost:63836
accept: */*

Response DefaultHttpResponse(decodeResult: success, version: HTTP/1.1)
HTTP/1.1 200 OK
Content-Type: application/json; charset=utf-8
cache-control: no-cache
content-length: 26

[DEBUG] Adding key: http://localhost:63836 for channel [id: 0x37d76398, L:/127.0.0.1:63303 - R:localhost/127.0.0.1:63836]
[DEBUG] Using pooled Channel '[id: 0x37d76398, L:/127.0.0.1:63303 - R:localhost/127.0.0.1:63836]' for 'DELETE' to 'http://localhost:63836/session/a0d6f6aa4884ec17a6b3faf14a16c89d/window'
[DEBUG] Using open Channel [id: 0x37d76398, L:/127.0.0.1:63303 - R:localhost/127.0.0.1:63836] for DELETE '/session/a0d6f6aa4884ec17a6b3faf14a16c89d/window'
[DEBUG] Channel Closed: [id: 0x39e2169e, L:/127.0.0.1:63314 ! R:localhost/127.0.0.1:63304] with attribute DISCARD
[DEBUG] Channel Closed: [id: 0xa5a25777, L:/127.0.0.1:63315 ! R:localhost/127.0.0.1:63304] with attribute NettyResponseFuture{currentRetry=0,
	isDone=1,
	isCancelled=0,
	asyncHandler=org.asynchttpclient.ws.WebSocketUpgradeHandler@64c6b99,
	nettyRequest=org.asynchttpclient.netty.request.NettyRequest@5c290227,
	future=java.util.concurrent.CompletableFuture@6a11c44d[Completed normally],
	uri=ws://localhost:63304/devtools/browser/d879b284-10ad-48ac-b88f-4ef9d1465344,
	keepAlive=true,
	redirectCount=0,
	timeoutsHolder=null,
	inAuth=0,
	touch=1680364845135}
[DEBUG] Closing Channel [id: 0xa5a25777, L:/127.0.0.1:63315 ! R:localhost/127.0.0.1:63304] 
[DEBUG] Entry count for : http://localhost:63304 : 1
[DEBUG] Adding Candidate expired Channel [id: 0x39e2169e, L:/127.0.0.1:63314 ! R:localhost/127.0.0.1:63304] isIdleTimeoutExpired=false isRemotelyClosed=true isTtlExpired=false
[DEBUG] Closing Idle Channel [id: 0x39e2169e, L:/127.0.0.1:63314 ! R:localhost/127.0.0.1:63304]
[DEBUG] Closed 1 connections out of 1 in 1 ms
[DEBUG] 

Request DefaultFullHttpRequest(decodeResult: success, version: HTTP/1.1, content: EmptyByteBufBE)
DELETE /session/a0d6f6aa4884ec17a6b3faf14a16c89d/window HTTP/1.1
User-Agent: selenium/4.2.1 (java windows)
Content-Type: application/json; charset=utf-8
host: localhost:63836
accept: */*

Response DefaultHttpResponse(decodeResult: success, version: HTTP/1.1)
HTTP/1.1 200 OK
Content-Type: application/json; charset=utf-8
cache-control: no-cache
content-length: 12

[DEBUG] Adding key: http://localhost:63836 for channel [id: 0x37d76398, L:/127.0.0.1:63303 - R:localhost/127.0.0.1:63836]
]]></system-out>
    <system-err><![CDATA[Starting ChromeDriver 111.0.5563.64 (c710e93d5b63b7095afe8c2c17df34408078439d-refs/branch-heads/5563@{#995}) on port 63836
Only local connections are allowed.
Please see https://chromedriver.chromium.org/security-considerations for suggestions on keeping ChromeDriver safe.
ChromeDriver was started successfully.
Apr 01, 2023 9:30:45 PM org.openqa.selenium.remote.ProtocolHandshake createSession
INFO: Detected upstream dialect: W3C
Apr 01, 2023 9:30:45 PM org.openqa.selenium.devtools.CdpVersionFinder findNearestMatch
WARNING: Unable to find an exact match for CDP version 111, so returning the closest version found: a no-op implementation
Apr 01, 2023 9:30:45 PM org.openqa.selenium.devtools.CdpVersionFinder findNearestMatch
INFO: Unable to find CDP implementation matching 111.
Apr 01, 2023 9:30:45 PM org.openqa.selenium.chromium.ChromiumDriver lambda$new$3
WARNING: Unable to find version of CDP to use for . You may need to include a dependency on a specific version of the CDP using something similar to `org.seleniumhq.selenium:selenium-devtools-v86:4.2.1` where the version ("v86") matches the version of the chromium-based browser you're using and the version number of the artifact is the same as Selenium's.
]]></system-err>
  </testcase>
  <testcase name="runScenario[&quot;Verify search functionality with valid product&quot;, &quot;Search&quot;](2)" classname="CucumberRunner.TestRunner" time="13.261">
    <failure message="no such element: Unable to locate element: {&quot;method&quot;:&quot;xpath&quot;,&quot;selector&quot;:&quot;//button[@class=&apos;btn btn-default btn-lg1&apos;]&quot;}&#10;  (Session info: chrome=111.0.5563.147)&#10;For documentation on this error, please visit: https://selenium.dev/exceptions/#no_such_element&#10;Build info: version: &apos;4.2.1&apos;, revision: &apos;ac4d0fdd4a&apos;&#10;System info: host: &apos;LAPTOP-JUND32GT&apos;, ip: &apos;192.168.18.189&apos;, os.name: &apos;Windows 11&apos;, os.arch: &apos;amd64&apos;, os.version: &apos;10.0&apos;, java.version: &apos;17.0.6&apos;&#10;Driver info: org.openqa.selenium.chrome.ChromeDriver&#10;Command: [763cb86553595367fe2c9398e70e8e28, findElement {using=xpath, value=//button[@class=&apos;btn btn-default btn-lg1&apos;]}]&#10;Capabilities {acceptInsecureCerts: false, browserName: chrome, browserVersion: 111.0.5563.147, chrome: {chromedriverVersion: 111.0.5563.64 (c710e93d5b63..., userDataDir: C:\Users\SRITAM~1\AppData\L...}, goog:chromeOptions: {debuggerAddress: localhost:63346}, networkConnectionEnabled: false, pageLoadStrategy: normal, platformName: WINDOWS, proxy: Proxy(), se:cdp: ws://localhost:63346/devtoo..., se:cdpVersion: 111.0.5563.147, setWindowRect: true, strictFileInteractability: false, timeouts: {implicit: 0, pageLoad: 300000, script: 30000}, unhandledPromptBehavior: dismiss and notify, webauthn:extension:credBlob: true, webauthn:extension:largeBlob: true, webauthn:extension:minPinLength: true, webauthn:extension:prf: true, webauthn:virtualAuthenticators: true}&#10;Session ID: 763cb86553595367fe2c9398e70e8e28" type="org.openqa.selenium.NoSuchElementException"><![CDATA[org.openqa.selenium.NoSuchElementException: 
no such element: Unable to locate element: {"method":"xpath","selector":"//button[@class='btn btn-default btn-lg1']"}
  (Session info: chrome=111.0.5563.147)
For documentation on this error, please visit: https://selenium.dev/exceptions/#no_such_element
Build info: version: '4.2.1', revision: 'ac4d0fdd4a'
System info: host: 'LAPTOP-JUND32GT', ip: '192.168.18.189', os.name: 'Windows 11', os.arch: 'amd64', os.version: '10.0', java.version: '17.0.6'
Driver info: org.openqa.selenium.chrome.ChromeDriver
Command: [763cb86553595367fe2c9398e70e8e28, findElement {using=xpath, value=//button[@class='btn btn-default btn-lg1']}]
Capabilities {acceptInsecureCerts: false, browserName: chrome, browserVersion: 111.0.5563.147, chrome: {chromedriverVersion: 111.0.5563.64 (c710e93d5b63..., userDataDir: C:\Users\SRITAM~1\AppData\L...}, goog:chromeOptions: {debuggerAddress: localhost:63346}, networkConnectionEnabled: false, pageLoadStrategy: normal, platformName: WINDOWS, proxy: Proxy(), se:cdp: ws://localhost:63346/devtoo..., se:cdpVersion: 111.0.5563.147, setWindowRect: true, strictFileInteractability: false, timeouts: {implicit: 0, pageLoad: 300000, script: 30000}, unhandledPromptBehavior: dismiss and notify, webauthn:extension:credBlob: true, webauthn:extension:largeBlob: true, webauthn:extension:minPinLength: true, webauthn:extension:prf: true, webauthn:virtualAuthenticators: true}
Session ID: 763cb86553595367fe2c9398e70e8e28
	at java.base/jdk.internal.reflect.NativeConstructorAccessorImpl.newInstance0(Native Method)
	at java.base/jdk.internal.reflect.NativeConstructorAccessorImpl.newInstance(NativeConstructorAccessorImpl.java:77)
	at java.base/jdk.internal.reflect.DelegatingConstructorAccessorImpl.newInstance(DelegatingConstructorAccessorImpl.java:45)
	at java.base/java.lang.reflect.Constructor.newInstanceWithCaller(Constructor.java:499)
	at java.base/java.lang.reflect.Constructor.newInstance(Constructor.java:480)
	at org.openqa.selenium.remote.codec.w3c.W3CHttpResponseCodec.createException(W3CHttpResponseCodec.java:200)
	at org.openqa.selenium.remote.codec.w3c.W3CHttpResponseCodec.decode(W3CHttpResponseCodec.java:133)
	at org.openqa.selenium.remote.codec.w3c.W3CHttpResponseCodec.decode(W3CHttpResponseCodec.java:53)
	at org.openqa.selenium.remote.HttpCommandExecutor.execute(HttpCommandExecutor.java:184)
	at org.openqa.selenium.remote.service.DriverCommandExecutor.invokeExecute(DriverCommandExecutor.java:167)
	at org.openqa.selenium.remote.service.DriverCommandExecutor.execute(DriverCommandExecutor.java:142)
	at org.openqa.selenium.remote.RemoteWebDriver.execute(RemoteWebDriver.java:551)
	at org.openqa.selenium.remote.ElementLocation$ElementFinder$2.findElement(ElementLocation.java:162)
	at org.openqa.selenium.remote.ElementLocation.findElement(ElementLocation.java:60)
	at org.openqa.selenium.remote.RemoteWebDriver.findElement(RemoteWebDriver.java:369)
	at org.openqa.selenium.remote.RemoteWebDriver.findElement(RemoteWebDriver.java:361)
	at org.openqa.selenium.support.pagefactory.DefaultElementLocator.findElement(DefaultElementLocator.java:70)
	at org.openqa.selenium.support.pagefactory.internal.LocatingElementHandler.invoke(LocatingElementHandler.java:39)
	at jdk.proxy2/jdk.proxy2.$Proxy27.click(Unknown Source)
	at PageObject.HomePage.clickOnsearchBtn(HomePage.java:30)
	at StepDefinitions.SearchStepDef.clicks_on_search_button(SearchStepDef.java:18)
	at ✽.Clicks on search button(file:///C:/Users/SRITAMLINKAN/eclipse-workspace/cucumberproject/./Features/search.feature:12)
]]></failure>
    <system-out><![CDATA[[DEBUG] Resolution chrome=111 in cache (valid until 22:29:30 01/04/2023 IST)
[DEBUG] Resolution chrome111=111.0.5563.64 in cache (valid until 23:22:12 01/04/2023 IST)
[INFO] Using chromedriver 111.0.5563.64 (resolved driver for Chrome 111)
[DEBUG] Driver chromedriver 111.0.5563.64 found in cache
[INFO] Exporting webdriver.chrome.driver as C:\Users\SRITAMLINKAN\.cache\selenium\chromedriver\win32\111.0.5563.64\chromedriver.exe
[DEBUG] Using new Channel '[id: 0x6a575318, L:/127.0.0.1:63345 - R:localhost/127.0.0.1:51205]' for 'POST' to '/session'
[DEBUG] 

Request DefaultHttpRequest(decodeResult: success, version: HTTP/1.1)
POST /session HTTP/1.1
User-Agent: selenium/4.2.1 (java windows)
Content-Length: 439
Content-Type: application/json; charset=utf-8
host: localhost:51205
accept: */*

Response DefaultHttpResponse(decodeResult: success, version: HTTP/1.1)
HTTP/1.1 200 OK
Content-Type: application/json; charset=utf-8
cache-control: no-cache
content-length: 863

[DEBUG] Adding key: http://localhost:51205 for channel [id: 0x6a575318, L:/127.0.0.1:63345 - R:localhost/127.0.0.1:51205]
[DEBUG] Using new Channel '[id: 0x06259aef, L:/127.0.0.1:63352 - R:localhost/127.0.0.1:63346]' for 'GET' to '/json/version'
[DEBUG] 

Request DefaultFullHttpRequest(decodeResult: success, version: HTTP/1.1, content: EmptyByteBufBE)
GET /json/version HTTP/1.1
User-Agent: selenium/4.2.1 (java windows)
host: localhost:63346
accept: */*

Response DefaultHttpResponse(decodeResult: success, version: HTTP/1.1)
HTTP/1.1 200 OK
Content-Security-Policy: frame-ancestors 'none'
Content-Type: application/json; charset=UTF-8
content-length: 424

[DEBUG] Adding key: http://localhost:63346 for channel [id: 0x06259aef, L:/127.0.0.1:63352 - R:localhost/127.0.0.1:63346]
[DEBUG] Using new Channel '[id: 0x5638111f, L:/127.0.0.1:63353 - R:localhost/127.0.0.1:63346]' for 'GET' to '/devtools/browser/4c1b752e-c4dc-40d3-a51a-5cd48ecdfdc6'
[DEBUG] 

Request DefaultFullHttpRequest(decodeResult: success, version: HTTP/1.1, content: EmptyByteBufBE)
GET /devtools/browser/4c1b752e-c4dc-40d3-a51a-5cd48ecdfdc6 HTTP/1.1
upgrade: websocket
connection: upgrade
sec-websocket-key: AlUA7XzbkKzK9gKgQ4b8AA==
sec-websocket-version: 13
origin: http://localhost:63346
host: localhost:63346
accept: */*
user-agent: AHC/2.1

Response DefaultHttpResponse(decodeResult: success, version: HTTP/1.1)
HTTP/1.1 101 WebSocket Protocol Handshake
Upgrade: WebSocket
Connection: Upgrade
Sec-WebSocket-Accept: PNMftMx/lE7AkyoA3Z45i52CmmA=

[DEBUG] Using pooled Channel '[id: 0x6a575318, L:/127.0.0.1:63345 - R:localhost/127.0.0.1:51205]' for 'POST' to 'http://localhost:51205/session/763cb86553595367fe2c9398e70e8e28/window/maximize'
[DEBUG] Using open Channel [id: 0x6a575318, L:/127.0.0.1:63345 - R:localhost/127.0.0.1:51205] for POST '/session/763cb86553595367fe2c9398e70e8e28/window/maximize'
[DEBUG] 

Request DefaultHttpRequest(decodeResult: success, version: HTTP/1.1)
POST /session/763cb86553595367fe2c9398e70e8e28/window/maximize HTTP/1.1
User-Agent: selenium/4.2.1 (java windows)
Content-Length: 3
Content-Type: application/json; charset=utf-8
host: localhost:51205
accept: */*

Response DefaultHttpResponse(decodeResult: success, version: HTTP/1.1)
HTTP/1.1 200 OK
Content-Type: application/json; charset=utf-8
cache-control: no-cache
content-length: 51

[DEBUG] Adding key: http://localhost:51205 for channel [id: 0x6a575318, L:/127.0.0.1:63345 - R:localhost/127.0.0.1:51205]
[DEBUG] Using pooled Channel '[id: 0x6a575318, L:/127.0.0.1:63345 - R:localhost/127.0.0.1:51205]' for 'POST' to 'http://localhost:51205/session/763cb86553595367fe2c9398e70e8e28/timeouts'
[DEBUG] Using open Channel [id: 0x6a575318, L:/127.0.0.1:63345 - R:localhost/127.0.0.1:51205] for POST '/session/763cb86553595367fe2c9398e70e8e28/timeouts'
[DEBUG] 

Request DefaultHttpRequest(decodeResult: success, version: HTTP/1.1)
POST /session/763cb86553595367fe2c9398e70e8e28/timeouts HTTP/1.1
User-Agent: selenium/4.2.1 (java windows)
Content-Length: 23
Content-Type: application/json; charset=utf-8
host: localhost:51205
accept: */*

Response DefaultHttpResponse(decodeResult: success, version: HTTP/1.1)
HTTP/1.1 200 OK
Content-Type: application/json; charset=utf-8
cache-control: no-cache
content-length: 14

[DEBUG] Adding key: http://localhost:51205 for channel [id: 0x6a575318, L:/127.0.0.1:63345 - R:localhost/127.0.0.1:51205]
[DEBUG] Using pooled Channel '[id: 0x6a575318, L:/127.0.0.1:63345 - R:localhost/127.0.0.1:51205]' for 'POST' to 'http://localhost:51205/session/763cb86553595367fe2c9398e70e8e28/url'
[DEBUG] Using open Channel [id: 0x6a575318, L:/127.0.0.1:63345 - R:localhost/127.0.0.1:51205] for POST '/session/763cb86553595367fe2c9398e70e8e28/url'
[DEBUG] Entry count for : http://localhost:63346 : 1
[DEBUG] Entry count for : http://localhost:63836 : 1
[DEBUG] Entry count for : http://localhost:63346 : 1
[DEBUG] Entry count for : http://localhost:63836 : 1
[DEBUG] 

Request DefaultHttpRequest(decodeResult: success, version: HTTP/1.1)
POST /session/763cb86553595367fe2c9398e70e8e28/url HTTP/1.1
User-Agent: selenium/4.2.1 (java windows)
Content-Length: 100
Content-Type: application/json; charset=utf-8
host: localhost:51205
accept: */*

Response DefaultHttpResponse(decodeResult: success, version: HTTP/1.1)
HTTP/1.1 200 OK
Content-Type: application/json; charset=utf-8
cache-control: no-cache
content-length: 14

[DEBUG] Adding key: http://localhost:51205 for channel [id: 0x6a575318, L:/127.0.0.1:63345 - R:localhost/127.0.0.1:51205]
[DEBUG] Using pooled Channel '[id: 0x6a575318, L:/127.0.0.1:63345 - R:localhost/127.0.0.1:51205]' for 'POST' to 'http://localhost:51205/session/763cb86553595367fe2c9398e70e8e28/element'
[DEBUG] Using open Channel [id: 0x6a575318, L:/127.0.0.1:63345 - R:localhost/127.0.0.1:51205] for POST '/session/763cb86553595367fe2c9398e70e8e28/element'
[DEBUG] 

Request DefaultHttpRequest(decodeResult: success, version: HTTP/1.1)
POST /session/763cb86553595367fe2c9398e70e8e28/element HTTP/1.1
User-Agent: selenium/4.2.1 (java windows)
Content-Length: 58
Content-Type: application/json; charset=utf-8
host: localhost:51205
accept: */*

Response DefaultHttpResponse(decodeResult: success, version: HTTP/1.1)
HTTP/1.1 200 OK
Content-Type: application/json; charset=utf-8
cache-control: no-cache
content-length: 88

[DEBUG] Adding key: http://localhost:51205 for channel [id: 0x6a575318, L:/127.0.0.1:63345 - R:localhost/127.0.0.1:51205]
[DEBUG] Using pooled Channel '[id: 0x6a575318, L:/127.0.0.1:63345 - R:localhost/127.0.0.1:51205]' for 'POST' to 'http://localhost:51205/session/763cb86553595367fe2c9398e70e8e28/element/0a888338-d3d1-4247-b6d5-379abba93625/clear'
[DEBUG] Using open Channel [id: 0x6a575318, L:/127.0.0.1:63345 - R:localhost/127.0.0.1:51205] for POST '/session/763cb86553595367fe2c9398e70e8e28/element/0a888338-d3d1-4247-b6d5-379abba93625/clear'
[DEBUG] 

Request DefaultHttpRequest(decodeResult: success, version: HTTP/1.1)
POST /session/763cb86553595367fe2c9398e70e8e28/element/0a888338-d3d1-4247-b6d5-379abba93625/clear HTTP/1.1
User-Agent: selenium/4.2.1 (java windows)
Content-Length: 50
Content-Type: application/json; charset=utf-8
host: localhost:51205
accept: */*

Response DefaultHttpResponse(decodeResult: success, version: HTTP/1.1)
HTTP/1.1 200 OK
Content-Type: application/json; charset=utf-8
cache-control: no-cache
content-length: 14

[DEBUG] Adding key: http://localhost:51205 for channel [id: 0x6a575318, L:/127.0.0.1:63345 - R:localhost/127.0.0.1:51205]
[DEBUG] Using pooled Channel '[id: 0x6a575318, L:/127.0.0.1:63345 - R:localhost/127.0.0.1:51205]' for 'POST' to 'http://localhost:51205/session/763cb86553595367fe2c9398e70e8e28/element'
[DEBUG] Using open Channel [id: 0x6a575318, L:/127.0.0.1:63345 - R:localhost/127.0.0.1:51205] for POST '/session/763cb86553595367fe2c9398e70e8e28/element'
[DEBUG] 

Request DefaultHttpRequest(decodeResult: success, version: HTTP/1.1)
POST /session/763cb86553595367fe2c9398e70e8e28/element HTTP/1.1
User-Agent: selenium/4.2.1 (java windows)
Content-Length: 58
Content-Type: application/json; charset=utf-8
host: localhost:51205
accept: */*

Response DefaultHttpResponse(decodeResult: success, version: HTTP/1.1)
HTTP/1.1 200 OK
Content-Type: application/json; charset=utf-8
cache-control: no-cache
content-length: 88

[DEBUG] Adding key: http://localhost:51205 for channel [id: 0x6a575318, L:/127.0.0.1:63345 - R:localhost/127.0.0.1:51205]
[DEBUG] Using pooled Channel '[id: 0x6a575318, L:/127.0.0.1:63345 - R:localhost/127.0.0.1:51205]' for 'POST' to 'http://localhost:51205/session/763cb86553595367fe2c9398e70e8e28/element/0a888338-d3d1-4247-b6d5-379abba93625/value'
[DEBUG] Using open Channel [id: 0x6a575318, L:/127.0.0.1:63345 - R:localhost/127.0.0.1:51205] for POST '/session/763cb86553595367fe2c9398e70e8e28/element/0a888338-d3d1-4247-b6d5-379abba93625/value'
[DEBUG] 

Request DefaultHttpRequest(decodeResult: success, version: HTTP/1.1)
POST /session/763cb86553595367fe2c9398e70e8e28/element/0a888338-d3d1-4247-b6d5-379abba93625/value HTTP/1.1
User-Agent: selenium/4.2.1 (java windows)
Content-Length: 241
Content-Type: application/json; charset=utf-8
host: localhost:51205
accept: */*

Response DefaultHttpResponse(decodeResult: success, version: HTTP/1.1)
HTTP/1.1 200 OK
Content-Type: application/json; charset=utf-8
cache-control: no-cache
content-length: 14

[DEBUG] Adding key: http://localhost:51205 for channel [id: 0x6a575318, L:/127.0.0.1:63345 - R:localhost/127.0.0.1:51205]
[DEBUG] Using pooled Channel '[id: 0x6a575318, L:/127.0.0.1:63345 - R:localhost/127.0.0.1:51205]' for 'POST' to 'http://localhost:51205/session/763cb86553595367fe2c9398e70e8e28/element'
[DEBUG] Using open Channel [id: 0x6a575318, L:/127.0.0.1:63345 - R:localhost/127.0.0.1:51205] for POST '/session/763cb86553595367fe2c9398e70e8e28/element'
[DEBUG] 

Request DefaultHttpRequest(decodeResult: success, version: HTTP/1.1)
POST /session/763cb86553595367fe2c9398e70e8e28/element HTTP/1.1
User-Agent: selenium/4.2.1 (java windows)
Content-Length: 61
Content-Type: application/json; charset=utf-8
host: localhost:51205
accept: */*

Response DefaultHttpResponse(decodeResult: success, version: HTTP/1.1)
HTTP/1.1 200 OK
Content-Type: application/json; charset=utf-8
cache-control: no-cache
content-length: 88

[DEBUG] Adding key: http://localhost:51205 for channel [id: 0x6a575318, L:/127.0.0.1:63345 - R:localhost/127.0.0.1:51205]
[DEBUG] Using pooled Channel '[id: 0x6a575318, L:/127.0.0.1:63345 - R:localhost/127.0.0.1:51205]' for 'POST' to 'http://localhost:51205/session/763cb86553595367fe2c9398e70e8e28/element/652126b5-1d53-4f23-a49d-433f3c96e974/clear'
[DEBUG] Using open Channel [id: 0x6a575318, L:/127.0.0.1:63345 - R:localhost/127.0.0.1:51205] for POST '/session/763cb86553595367fe2c9398e70e8e28/element/652126b5-1d53-4f23-a49d-433f3c96e974/clear'
[DEBUG] 

Request DefaultHttpRequest(decodeResult: success, version: HTTP/1.1)
POST /session/763cb86553595367fe2c9398e70e8e28/element/652126b5-1d53-4f23-a49d-433f3c96e974/clear HTTP/1.1
User-Agent: selenium/4.2.1 (java windows)
Content-Length: 50
Content-Type: application/json; charset=utf-8
host: localhost:51205
accept: */*

Response DefaultHttpResponse(decodeResult: success, version: HTTP/1.1)
HTTP/1.1 200 OK
Content-Type: application/json; charset=utf-8
cache-control: no-cache
content-length: 14

[DEBUG] Adding key: http://localhost:51205 for channel [id: 0x6a575318, L:/127.0.0.1:63345 - R:localhost/127.0.0.1:51205]
[DEBUG] Using pooled Channel '[id: 0x6a575318, L:/127.0.0.1:63345 - R:localhost/127.0.0.1:51205]' for 'POST' to 'http://localhost:51205/session/763cb86553595367fe2c9398e70e8e28/element'
[DEBUG] Using open Channel [id: 0x6a575318, L:/127.0.0.1:63345 - R:localhost/127.0.0.1:51205] for POST '/session/763cb86553595367fe2c9398e70e8e28/element'
[DEBUG] 

Request DefaultHttpRequest(decodeResult: success, version: HTTP/1.1)
POST /session/763cb86553595367fe2c9398e70e8e28/element HTTP/1.1
User-Agent: selenium/4.2.1 (java windows)
Content-Length: 61
Content-Type: application/json; charset=utf-8
host: localhost:51205
accept: */*

Response DefaultHttpResponse(decodeResult: success, version: HTTP/1.1)
HTTP/1.1 200 OK
Content-Type: application/json; charset=utf-8
cache-control: no-cache
content-length: 88

[DEBUG] Adding key: http://localhost:51205 for channel [id: 0x6a575318, L:/127.0.0.1:63345 - R:localhost/127.0.0.1:51205]
[DEBUG] Using pooled Channel '[id: 0x6a575318, L:/127.0.0.1:63345 - R:localhost/127.0.0.1:51205]' for 'POST' to 'http://localhost:51205/session/763cb86553595367fe2c9398e70e8e28/element/652126b5-1d53-4f23-a49d-433f3c96e974/value'
[DEBUG] Using open Channel [id: 0x6a575318, L:/127.0.0.1:63345 - R:localhost/127.0.0.1:51205] for POST '/session/763cb86553595367fe2c9398e70e8e28/element/652126b5-1d53-4f23-a49d-433f3c96e974/value'
[DEBUG] 

Request DefaultHttpRequest(decodeResult: success, version: HTTP/1.1)
POST /session/763cb86553595367fe2c9398e70e8e28/element/652126b5-1d53-4f23-a49d-433f3c96e974/value HTTP/1.1
User-Agent: selenium/4.2.1 (java windows)
Content-Length: 141
Content-Type: application/json; charset=utf-8
host: localhost:51205
accept: */*

Response DefaultHttpResponse(decodeResult: success, version: HTTP/1.1)
HTTP/1.1 200 OK
Content-Type: application/json; charset=utf-8
cache-control: no-cache
content-length: 14

[DEBUG] Adding key: http://localhost:51205 for channel [id: 0x6a575318, L:/127.0.0.1:63345 - R:localhost/127.0.0.1:51205]
[DEBUG] Using pooled Channel '[id: 0x6a575318, L:/127.0.0.1:63345 - R:localhost/127.0.0.1:51205]' for 'POST' to 'http://localhost:51205/session/763cb86553595367fe2c9398e70e8e28/element'
[DEBUG] Using open Channel [id: 0x6a575318, L:/127.0.0.1:63345 - R:localhost/127.0.0.1:51205] for POST '/session/763cb86553595367fe2c9398e70e8e28/element'
[DEBUG] 

Request DefaultHttpRequest(decodeResult: success, version: HTTP/1.1)
POST /session/763cb86553595367fe2c9398e70e8e28/element HTTP/1.1
User-Agent: selenium/4.2.1 (java windows)
Content-Length: 70
Content-Type: application/json; charset=utf-8
host: localhost:51205
accept: */*

Response DefaultHttpResponse(decodeResult: success, version: HTTP/1.1)
HTTP/1.1 200 OK
Content-Type: application/json; charset=utf-8
cache-control: no-cache
content-length: 88

[DEBUG] Adding key: http://localhost:51205 for channel [id: 0x6a575318, L:/127.0.0.1:63345 - R:localhost/127.0.0.1:51205]
[DEBUG] Using pooled Channel '[id: 0x6a575318, L:/127.0.0.1:63345 - R:localhost/127.0.0.1:51205]' for 'POST' to 'http://localhost:51205/session/763cb86553595367fe2c9398e70e8e28/element/d63fb697-3487-458d-8673-d6c1ecc0ffbc/click'
[DEBUG] Using open Channel [id: 0x6a575318, L:/127.0.0.1:63345 - R:localhost/127.0.0.1:51205] for POST '/session/763cb86553595367fe2c9398e70e8e28/element/d63fb697-3487-458d-8673-d6c1ecc0ffbc/click'
[DEBUG] 

Request DefaultHttpRequest(decodeResult: success, version: HTTP/1.1)
POST /session/763cb86553595367fe2c9398e70e8e28/element/d63fb697-3487-458d-8673-d6c1ecc0ffbc/click HTTP/1.1
User-Agent: selenium/4.2.1 (java windows)
Content-Length: 50
Content-Type: application/json; charset=utf-8
host: localhost:51205
accept: */*

Response DefaultHttpResponse(decodeResult: success, version: HTTP/1.1)
HTTP/1.1 200 OK
Content-Type: application/json; charset=utf-8
cache-control: no-cache
content-length: 14

[DEBUG] Adding key: http://localhost:51205 for channel [id: 0x6a575318, L:/127.0.0.1:63345 - R:localhost/127.0.0.1:51205]
[DEBUG] Using pooled Channel '[id: 0x6a575318, L:/127.0.0.1:63345 - R:localhost/127.0.0.1:51205]' for 'GET' to 'http://localhost:51205/session/763cb86553595367fe2c9398e70e8e28/title'
[DEBUG] Using open Channel [id: 0x6a575318, L:/127.0.0.1:63345 - R:localhost/127.0.0.1:51205] for GET '/session/763cb86553595367fe2c9398e70e8e28/title'
[DEBUG] 

Request DefaultFullHttpRequest(decodeResult: success, version: HTTP/1.1, content: EmptyByteBufBE)
GET /session/763cb86553595367fe2c9398e70e8e28/title HTTP/1.1
User-Agent: selenium/4.2.1 (java windows)
Cache-Control: no-cache
Content-Type: application/json; charset=utf-8
host: localhost:51205
accept: */*

Response DefaultHttpResponse(decodeResult: success, version: HTTP/1.1)
HTTP/1.1 200 OK
Content-Type: application/json; charset=utf-8
cache-control: no-cache
content-length: 22

[DEBUG] Adding key: http://localhost:51205 for channel [id: 0x6a575318, L:/127.0.0.1:63345 - R:localhost/127.0.0.1:51205]
[DEBUG] Using pooled Channel '[id: 0x6a575318, L:/127.0.0.1:63345 - R:localhost/127.0.0.1:51205]' for 'POST' to 'http://localhost:51205/session/763cb86553595367fe2c9398e70e8e28/element'
[DEBUG] Using open Channel [id: 0x6a575318, L:/127.0.0.1:63345 - R:localhost/127.0.0.1:51205] for POST '/session/763cb86553595367fe2c9398e70e8e28/element'
[DEBUG] 

Request DefaultHttpRequest(decodeResult: success, version: HTTP/1.1)
POST /session/763cb86553595367fe2c9398e70e8e28/element HTTP/1.1
User-Agent: selenium/4.2.1 (java windows)
Content-Length: 77
Content-Type: application/json; charset=utf-8
host: localhost:51205
accept: */*

Response DefaultHttpResponse(decodeResult: success, version: HTTP/1.1)
HTTP/1.1 200 OK
Content-Type: application/json; charset=utf-8
cache-control: no-cache
content-length: 88

[DEBUG] Adding key: http://localhost:51205 for channel [id: 0x6a575318, L:/127.0.0.1:63345 - R:localhost/127.0.0.1:51205]
[DEBUG] Using pooled Channel '[id: 0x6a575318, L:/127.0.0.1:63345 - R:localhost/127.0.0.1:51205]' for 'POST' to 'http://localhost:51205/session/763cb86553595367fe2c9398e70e8e28/element/c87b7c7c-aee8-4410-9914-d1ab13e102bd/value'
[DEBUG] Using open Channel [id: 0x6a575318, L:/127.0.0.1:63345 - R:localhost/127.0.0.1:51205] for POST '/session/763cb86553595367fe2c9398e70e8e28/element/c87b7c7c-aee8-4410-9914-d1ab13e102bd/value'
[DEBUG] 

Request DefaultHttpRequest(decodeResult: success, version: HTTP/1.1)
POST /session/763cb86553595367fe2c9398e70e8e28/element/c87b7c7c-aee8-4410-9914-d1ab13e102bd/value HTTP/1.1
User-Agent: selenium/4.2.1 (java windows)
Content-Length: 141
Content-Type: application/json; charset=utf-8
host: localhost:51205
accept: */*

Response DefaultHttpResponse(decodeResult: success, version: HTTP/1.1)
HTTP/1.1 200 OK
Content-Type: application/json; charset=utf-8
cache-control: no-cache
content-length: 14

[DEBUG] Adding key: http://localhost:51205 for channel [id: 0x6a575318, L:/127.0.0.1:63345 - R:localhost/127.0.0.1:51205]
[DEBUG] Using pooled Channel '[id: 0x6a575318, L:/127.0.0.1:63345 - R:localhost/127.0.0.1:51205]' for 'POST' to 'http://localhost:51205/session/763cb86553595367fe2c9398e70e8e28/element'
[DEBUG] Using open Channel [id: 0x6a575318, L:/127.0.0.1:63345 - R:localhost/127.0.0.1:51205] for POST '/session/763cb86553595367fe2c9398e70e8e28/element'
[DEBUG] Entry count for : http://localhost:63346 : 1
[DEBUG] Entry count for : http://localhost:63836 : 1
[DEBUG] Entry count for : http://localhost:63346 : 1
[DEBUG] Entry count for : http://localhost:63836 : 1
[DEBUG] Entry count for : http://localhost:63346 : 1
[DEBUG] Entry count for : http://localhost:63836 : 1
[DEBUG] Entry count for : http://localhost:63346 : 1
[DEBUG] Entry count for : http://localhost:63836 : 1
[DEBUG] Entry count for : http://localhost:63346 : 1
[DEBUG] Entry count for : http://localhost:63836 : 1
[DEBUG] Entry count for : http://localhost:63346 : 1
[DEBUG] Entry count for : http://localhost:63836 : 1
[DEBUG] Entry count for : http://localhost:63346 : 1
[DEBUG] Entry count for : http://localhost:63836 : 1
[DEBUG] Entry count for : http://localhost:63346 : 1
[DEBUG] Entry count for : http://localhost:63836 : 1
[DEBUG] Entry count for : http://localhost:63346 : 1
[DEBUG] Entry count for : http://localhost:63836 : 1
[DEBUG] 

Request DefaultHttpRequest(decodeResult: success, version: HTTP/1.1)
POST /session/763cb86553595367fe2c9398e70e8e28/element HTTP/1.1
User-Agent: selenium/4.2.1 (java windows)
Content-Length: 89
Content-Type: application/json; charset=utf-8
host: localhost:51205
accept: */*

Response DefaultHttpResponse(decodeResult: success, version: HTTP/1.1)
HTTP/1.1 404 Not Found
Content-Type: application/json; charset=utf-8
cache-control: no-cache
content-length: 958

[DEBUG] Adding key: http://localhost:51205 for channel [id: 0x6a575318, L:/127.0.0.1:63345 - R:localhost/127.0.0.1:51205]
[DEBUG] Using pooled Channel '[id: 0x6a575318, L:/127.0.0.1:63345 - R:localhost/127.0.0.1:51205]' for 'GET' to 'http://localhost:51205/session/763cb86553595367fe2c9398e70e8e28/screenshot'
[DEBUG] Using open Channel [id: 0x6a575318, L:/127.0.0.1:63345 - R:localhost/127.0.0.1:51205] for GET '/session/763cb86553595367fe2c9398e70e8e28/screenshot'
[DEBUG] Entry count for : http://localhost:63346 : 1
[DEBUG] Entry count for : http://localhost:63836 : 1
[DEBUG] 

Request DefaultFullHttpRequest(decodeResult: success, version: HTTP/1.1, content: EmptyByteBufBE)
GET /session/763cb86553595367fe2c9398e70e8e28/screenshot HTTP/1.1
User-Agent: selenium/4.2.1 (java windows)
Cache-Control: no-cache
Content-Type: application/json; charset=utf-8
host: localhost:51205
accept: */*

Response DefaultHttpResponse(decodeResult: success, version: HTTP/1.1)
HTTP/1.1 200 OK
Content-Type: application/json; charset=utf-8
cache-control: no-cache
content-length: 152312

[DEBUG] Adding key: http://localhost:51205 for channel [id: 0x6a575318, L:/127.0.0.1:63345 - R:localhost/127.0.0.1:51205]
]]></system-out>
    <system-err><![CDATA[Starting ChromeDriver 111.0.5563.64 (c710e93d5b63b7095afe8c2c17df34408078439d-refs/branch-heads/5563@{#995}) on port 51205
Only local connections are allowed.
Please see https://chromedriver.chromium.org/security-considerations for suggestions on keeping ChromeDriver safe.
ChromeDriver was started successfully.
Apr 01, 2023 9:30:50 PM org.openqa.selenium.remote.ProtocolHandshake createSession
INFO: Detected upstream dialect: W3C
Apr 01, 2023 9:30:50 PM org.openqa.selenium.devtools.CdpVersionFinder findNearestMatch
WARNING: Unable to find an exact match for CDP version 111, so returning the closest version found: a no-op implementation
Apr 01, 2023 9:30:50 PM org.openqa.selenium.devtools.CdpVersionFinder findNearestMatch
INFO: Unable to find CDP implementation matching 111.
Apr 01, 2023 9:30:50 PM org.openqa.selenium.chromium.ChromiumDriver lambda$new$3
WARNING: Unable to find version of CDP to use for . You may need to include a dependency on a specific version of the CDP using something similar to `org.seleniumhq.selenium:selenium-devtools-v86:4.2.1` where the version ("v86") matches the version of the chromium-based browser you're using and the version number of the artifact is the same as Selenium's.
]]></system-err>
  </testcase>
</testsuite>